{"/Users/leduykhang/Downloads/manulife/MCONIC Redesign/api/server.js": {"path":"/Users/leduykhang/Downloads/manulife/MCONIC Redesign/api/server.js","statementMap":{"0":{"start":{"line":1,"column":0},"end":{"line":1,"column":27}},"1":{"start":{"line":2,"column":16},"end":{"line":2,"column":34}},"2":{"start":{"line":3,"column":13},"end":{"line":3,"column":28}},"3":{"start":{"line":4,"column":13},"end":{"line":4,"column":28}},"4":{"start":{"line":5,"column":11},"end":{"line":5,"column":24}},"5":{"start":{"line":6,"column":15},"end":{"line":6,"column":32}},"6":{"start":{"line":7,"column":16},"end":{"line":7,"column":34}},"7":{"start":{"line":8,"column":18},"end":{"line":8,"column":47}},"8":{"start":{"line":9,"column":19},"end":{"line":9,"column":40}},"9":{"start":{"line":10,"column":20},"end":{"line":10,"column":42}},"10":{"start":{"line":11,"column":19},"end":{"line":11,"column":40}},"11":{"start":{"line":13,"column":12},"end":{"line":13,"column":21}},"12":{"start":{"line":14,"column":0},"end":{"line":14,"column":26}},"13":{"start":{"line":15,"column":13},"end":{"line":15,"column":37}},"14":{"start":{"line":17,"column":19},"end":{"line":19,"column":1}},"15":{"start":{"line":22,"column":0},"end":{"line":30,"column":1}},"16":{"start":{"line":23,"column":2},"end":{"line":29,"column":3}},"17":{"start":{"line":24,"column":4},"end":{"line":26,"column":6}},"18":{"start":{"line":28,"column":4},"end":{"line":28,"column":70}},"19":{"start":{"line":32,"column":15},"end":{"line":39,"column":2}},"20":{"start":{"line":42,"column":0},"end":{"line":49,"column":1}},"21":{"start":{"line":43,"column":18},"end":{"line":43,"column":52}},"22":{"start":{"line":44,"column":2},"end":{"line":46,"column":3}},"23":{"start":{"line":45,"column":4},"end":{"line":45,"column":26}},"24":{"start":{"line":48,"column":2},"end":{"line":48,"column":91}},"25":{"start":{"line":52,"column":16},"end":{"line":52,"column":65}},"26":{"start":{"line":53,"column":0},"end":{"line":60,"column":1}},"27":{"start":{"line":54,"column":2},"end":{"line":57,"column":3}},"28":{"start":{"line":55,"column":4},"end":{"line":55,"column":76}},"29":{"start":{"line":56,"column":4},"end":{"line":56,"column":47}},"30":{"start":{"line":59,"column":2},"end":{"line":59,"column":93}},"31":{"start":{"line":66,"column":25},"end":{"line":66,"column":29}},"32":{"start":{"line":69,"column":2},"end":{"line":69,"column":52}},"33":{"start":{"line":69,"column":26},"end":{"line":69,"column":52}},"34":{"start":{"line":71,"column":26},"end":{"line":71,"column":79}},"35":{"start":{"line":72,"column":18},"end":{"line":72,"column":45}},"36":{"start":{"line":73,"column":25},"end":{"line":73,"column":60}},"37":{"start":{"line":75,"column":2},"end":{"line":77,"column":3}},"38":{"start":{"line":76,"column":4},"end":{"line":76,"column":16}},"39":{"start":{"line":79,"column":2},"end":{"line":81,"column":3}},"40":{"start":{"line":80,"column":4},"end":{"line":80,"column":16}},"41":{"start":{"line":83,"column":2},"end":{"line":108,"column":3}},"42":{"start":{"line":85,"column":4},"end":{"line":99,"column":5}},"43":{"start":{"line":86,"column":6},"end":{"line":89,"column":8}},"44":{"start":{"line":91,"column":26},"end":{"line":91,"column":52}},"45":{"start":{"line":92,"column":6},"end":{"line":94,"column":7}},"46":{"start":{"line":93,"column":8},"end":{"line":93,"column":80}},"47":{"start":{"line":95,"column":6},"end":{"line":98,"column":8}},"48":{"start":{"line":101,"column":17},"end":{"line":101,"column":55}},"49":{"start":{"line":102,"column":23},"end":{"line":102,"column":45}},"50":{"start":{"line":103,"column":4},"end":{"line":103,"column":76}},"51":{"start":{"line":104,"column":4},"end":{"line":104,"column":30}},"52":{"start":{"line":106,"column":4},"end":{"line":106,"column":70}},"53":{"start":{"line":107,"column":4},"end":{"line":107,"column":16}},"54":{"start":{"line":112,"column":2},"end":{"line":192,"column":3}},"55":{"start":{"line":113,"column":19},"end":{"line":113,"column":48}},"56":{"start":{"line":114,"column":4},"end":{"line":114,"column":24}},"57":{"start":{"line":114,"column":17},"end":{"line":114,"column":24}},"58":{"start":{"line":116,"column":20},"end":{"line":116,"column":47}},"59":{"start":{"line":119,"column":18},"end":{"line":119,"column":57}},"60":{"start":{"line":120,"column":4},"end":{"line":129,"column":5}},"61":{"start":{"line":121,"column":23},"end":{"line":121,"column":80}},"62":{"start":{"line":122,"column":25},"end":{"line":122,"column":51}},"63":{"start":{"line":123,"column":24},"end":{"line":123,"column":76}},"64":{"start":{"line":123,"column":45},"end":{"line":123,"column":75}},"65":{"start":{"line":124,"column":6},"end":{"line":126,"column":7}},"66":{"start":{"line":125,"column":8},"end":{"line":125,"column":49}},"67":{"start":{"line":128,"column":6},"end":{"line":128,"column":98}},"68":{"start":{"line":131,"column":4},"end":{"line":131,"column":37}},"69":{"start":{"line":131,"column":18},"end":{"line":131,"column":37}},"70":{"start":{"line":134,"column":22},"end":{"line":134,"column":36}},"71":{"start":{"line":137,"column":21},"end":{"line":137,"column":26}},"72":{"start":{"line":138,"column":4},"end":{"line":149,"column":5}},"73":{"start":{"line":139,"column":23},"end":{"line":142,"column":8}},"74":{"start":{"line":143,"column":6},"end":{"line":145,"column":7}},"75":{"start":{"line":144,"column":8},"end":{"line":144,"column":26}},"76":{"start":{"line":148,"column":6},"end":{"line":148,"column":83}},"77":{"start":{"line":152,"column":4},"end":{"line":167,"column":5}},"78":{"start":{"line":153,"column":22},"end":{"line":153,"column":112}},"79":{"start":{"line":154,"column":6},"end":{"line":166,"column":7}},"80":{"start":{"line":155,"column":8},"end":{"line":162,"column":11}},"81":{"start":{"line":163,"column":8},"end":{"line":163,"column":88}},"82":{"start":{"line":165,"column":8},"end":{"line":165,"column":70}},"83":{"start":{"line":169,"column":22},"end":{"line":169,"column":90}},"84":{"start":{"line":171,"column":16},"end":{"line":179,"column":5}},"85":{"start":{"line":181,"column":4},"end":{"line":188,"column":7}},"86":{"start":{"line":189,"column":4},"end":{"line":189,"column":102}},"87":{"start":{"line":191,"column":4},"end":{"line":191,"column":64}},"88":{"start":{"line":197,"column":2},"end":{"line":236,"column":3}},"89":{"start":{"line":198,"column":21},"end":{"line":198,"column":38}},"90":{"start":{"line":199,"column":20},"end":{"line":199,"column":38}},"91":{"start":{"line":201,"column":19},"end":{"line":201,"column":86}},"92":{"start":{"line":204,"column":18},"end":{"line":204,"column":38}},"93":{"start":{"line":205,"column":4},"end":{"line":207,"column":5}},"94":{"start":{"line":206,"column":6},"end":{"line":206,"column":47}},"95":{"start":{"line":209,"column":4},"end":{"line":212,"column":7}},"96":{"start":{"line":215,"column":4},"end":{"line":226,"column":7}},"97":{"start":{"line":229,"column":4},"end":{"line":229,"column":80}},"98":{"start":{"line":230,"column":4},"end":{"line":230,"column":90}},"99":{"start":{"line":231,"column":4},"end":{"line":231,"column":78}},"100":{"start":{"line":233,"column":4},"end":{"line":233,"column":67}},"101":{"start":{"line":235,"column":4},"end":{"line":235,"column":101}},"102":{"start":{"line":240,"column":0},"end":{"line":240,"column":23}},"103":{"start":{"line":241,"column":0},"end":{"line":241,"column":16}},"104":{"start":{"line":242,"column":0},"end":{"line":242,"column":24}},"105":{"start":{"line":243,"column":0},"end":{"line":243,"column":23}},"106":{"start":{"line":246,"column":0},"end":{"line":246,"column":52}},"107":{"start":{"line":249,"column":19},"end":{"line":258,"column":2}},"108":{"start":{"line":261,"column":0},"end":{"line":261,"column":29}},"109":{"start":{"line":264,"column":0},"end":{"line":280,"column":3}},"110":{"start":{"line":266,"column":2},"end":{"line":278,"column":3}},"111":{"start":{"line":267,"column":4},"end":{"line":267,"column":74}},"112":{"start":{"line":270,"column":7},"end":{"line":278,"column":3}},"113":{"start":{"line":271,"column":4},"end":{"line":271,"column":76}},"114":{"start":{"line":274,"column":7},"end":{"line":278,"column":3}},"115":{"start":{"line":275,"column":4},"end":{"line":275,"column":74}},"116":{"start":{"line":276,"column":4},"end":{"line":276,"column":40}},"117":{"start":{"line":277,"column":4},"end":{"line":277,"column":34}},"118":{"start":{"line":279,"column":2},"end":{"line":279,"column":9}},"119":{"start":{"line":285,"column":2},"end":{"line":287,"column":3}},"120":{"start":{"line":286,"column":4},"end":{"line":286,"column":16}},"121":{"start":{"line":288,"column":2},"end":{"line":296,"column":5}},"122":{"start":{"line":300,"column":22},"end":{"line":313,"column":1}},"123":{"start":{"line":318,"column":0},"end":{"line":420,"column":3}},"124":{"start":{"line":319,"column":33},"end":{"line":319,"column":41}},"125":{"start":{"line":322,"column":2},"end":{"line":324,"column":3}},"126":{"start":{"line":323,"column":4},"end":{"line":323,"column":100}},"127":{"start":{"line":327,"column":23},"end":{"line":327,"column":51}},"128":{"start":{"line":328,"column":2},"end":{"line":330,"column":3}},"129":{"start":{"line":329,"column":4},"end":{"line":329,"column":92}},"130":{"start":{"line":332,"column":2},"end":{"line":419,"column":3}},"131":{"start":{"line":334,"column":4},"end":{"line":343,"column":5}},"132":{"start":{"line":335,"column":6},"end":{"line":340,"column":7}},"133":{"start":{"line":336,"column":8},"end":{"line":339,"column":10}},"134":{"start":{"line":342,"column":6},"end":{"line":342,"column":67}},"135":{"start":{"line":346,"column":4},"end":{"line":350,"column":5}},"136":{"start":{"line":347,"column":6},"end":{"line":347,"column":89}},"137":{"start":{"line":349,"column":6},"end":{"line":349,"column":72}},"138":{"start":{"line":353,"column":24},"end":{"line":353,"column":44}},"139":{"start":{"line":354,"column":4},"end":{"line":413,"column":5}},"140":{"start":{"line":356,"column":31},"end":{"line":367,"column":7}},"141":{"start":{"line":368,"column":6},"end":{"line":372,"column":7}},"142":{"start":{"line":369,"column":8},"end":{"line":369,"column":53}},"143":{"start":{"line":371,"column":8},"end":{"line":371,"column":78}},"144":{"start":{"line":375,"column":30},"end":{"line":407,"column":7}},"145":{"start":{"line":408,"column":6},"end":{"line":412,"column":7}},"146":{"start":{"line":409,"column":8},"end":{"line":409,"column":52}},"147":{"start":{"line":411,"column":8},"end":{"line":411,"column":77}},"148":{"start":{"line":415,"column":4},"end":{"line":415,"column":108}},"149":{"start":{"line":417,"column":4},"end":{"line":417,"column":67}},"150":{"start":{"line":418,"column":4},"end":{"line":418,"column":115}},"151":{"start":{"line":423,"column":0},"end":{"line":495,"column":3}},"152":{"start":{"line":424,"column":33},"end":{"line":424,"column":41}},"153":{"start":{"line":426,"column":2},"end":{"line":428,"column":3}},"154":{"start":{"line":427,"column":4},"end":{"line":427,"column":100}},"155":{"start":{"line":430,"column":20},"end":{"line":430,"column":40}},"156":{"start":{"line":431,"column":2},"end":{"line":433,"column":3}},"157":{"start":{"line":432,"column":4},"end":{"line":432,"column":95}},"158":{"start":{"line":435,"column":18},"end":{"line":435,"column":52}},"159":{"start":{"line":436,"column":2},"end":{"line":439,"column":3}},"160":{"start":{"line":437,"column":4},"end":{"line":437,"column":64}},"161":{"start":{"line":438,"column":4},"end":{"line":438,"column":134}},"162":{"start":{"line":441,"column":2},"end":{"line":494,"column":3}},"163":{"start":{"line":443,"column":4},"end":{"line":452,"column":5}},"164":{"start":{"line":444,"column":6},"end":{"line":449,"column":7}},"165":{"start":{"line":445,"column":8},"end":{"line":448,"column":10}},"166":{"start":{"line":451,"column":6},"end":{"line":451,"column":68}},"167":{"start":{"line":455,"column":4},"end":{"line":459,"column":5}},"168":{"start":{"line":456,"column":6},"end":{"line":456,"column":85}},"169":{"start":{"line":458,"column":6},"end":{"line":458,"column":73}},"170":{"start":{"line":462,"column":24},"end":{"line":462,"column":44}},"171":{"start":{"line":463,"column":4},"end":{"line":488,"column":5}},"172":{"start":{"line":464,"column":26},"end":{"line":481,"column":7}},"173":{"start":{"line":483,"column":6},"end":{"line":487,"column":7}},"174":{"start":{"line":484,"column":8},"end":{"line":484,"column":48}},"175":{"start":{"line":486,"column":8},"end":{"line":486,"column":68}},"176":{"start":{"line":490,"column":4},"end":{"line":490,"column":114}},"177":{"start":{"line":492,"column":4},"end":{"line":492,"column":60}},"178":{"start":{"line":493,"column":4},"end":{"line":493,"column":115}},"179":{"start":{"line":498,"column":0},"end":{"line":558,"column":3}},"180":{"start":{"line":499,"column":48},"end":{"line":499,"column":56}},"181":{"start":{"line":501,"column":2},"end":{"line":503,"column":3}},"182":{"start":{"line":502,"column":4},"end":{"line":502,"column":100}},"183":{"start":{"line":505,"column":23},"end":{"line":505,"column":51}},"184":{"start":{"line":506,"column":2},"end":{"line":508,"column":3}},"185":{"start":{"line":507,"column":4},"end":{"line":507,"column":92}},"186":{"start":{"line":510,"column":2},"end":{"line":557,"column":3}},"187":{"start":{"line":512,"column":4},"end":{"line":521,"column":5}},"188":{"start":{"line":513,"column":6},"end":{"line":518,"column":7}},"189":{"start":{"line":514,"column":8},"end":{"line":517,"column":10}},"190":{"start":{"line":520,"column":6},"end":{"line":520,"column":65}},"191":{"start":{"line":524,"column":4},"end":{"line":528,"column":5}},"192":{"start":{"line":525,"column":6},"end":{"line":525,"column":135}},"193":{"start":{"line":527,"column":6},"end":{"line":527,"column":70}},"194":{"start":{"line":531,"column":24},"end":{"line":531,"column":44}},"195":{"start":{"line":532,"column":4},"end":{"line":551,"column":5}},"196":{"start":{"line":533,"column":31},"end":{"line":545,"column":7}},"197":{"start":{"line":546,"column":6},"end":{"line":550,"column":7}},"198":{"start":{"line":547,"column":8},"end":{"line":547,"column":53}},"199":{"start":{"line":549,"column":8},"end":{"line":549,"column":76}},"200":{"start":{"line":553,"column":4},"end":{"line":553,"column":125}},"201":{"start":{"line":555,"column":4},"end":{"line":555,"column":65}},"202":{"start":{"line":556,"column":4},"end":{"line":556,"column":115}},"203":{"start":{"line":561,"column":0},"end":{"line":579,"column":3}},"204":{"start":{"line":563,"column":16},"end":{"line":563,"column":31}},"205":{"start":{"line":564,"column":2},"end":{"line":567,"column":3}},"206":{"start":{"line":566,"column":4},"end":{"line":566,"column":94}},"207":{"start":{"line":569,"column":2},"end":{"line":578,"column":3}},"208":{"start":{"line":570,"column":4},"end":{"line":572,"column":5}},"209":{"start":{"line":571,"column":6},"end":{"line":571,"column":142}},"210":{"start":{"line":573,"column":17},"end":{"line":573,"column":77}},"211":{"start":{"line":574,"column":4},"end":{"line":574,"column":83}},"212":{"start":{"line":576,"column":4},"end":{"line":576,"column":63}},"213":{"start":{"line":577,"column":4},"end":{"line":577,"column":93}},"214":{"start":{"line":582,"column":0},"end":{"line":582,"column":21}},"215":{"start":{"line":585,"column":0},"end":{"line":594,"column":1}},"216":{"start":{"line":586,"column":2},"end":{"line":590,"column":5}},"217":{"start":{"line":587,"column":4},"end":{"line":589,"column":7}},"218":{"start":{"line":588,"column":6},"end":{"line":588,"column":116}},"219":{"start":{"line":593,"column":2},"end":{"line":593,"column":17}}},"fnMap":{"0":{"name":"getGoogleSheetsClient","decl":{"start":{"line":68,"column":15},"end":{"line":68,"column":36}},"loc":{"start":{"line":68,"column":39},"end":{"line":109,"column":1}},"line":68},"1":{"name":"logLeadToGoogleSheets","decl":{"start":{"line":111,"column":15},"end":{"line":111,"column":36}},"loc":{"start":{"line":111,"column":43},"end":{"line":193,"column":1}},"line":111},"2":{"name":"(anonymous_2)","decl":{"start":{"line":123,"column":40},"end":{"line":123,"column":41}},"loc":{"start":{"line":123,"column":45},"end":{"line":123,"column":75}},"line":123},"3":{"name":"initDatabase","decl":{"start":{"line":196,"column":15},"end":{"line":196,"column":27}},"loc":{"start":{"line":196,"column":30},"end":{"line":237,"column":1}},"line":196},"4":{"name":"(anonymous_4)","decl":{"start":{"line":264,"column":8},"end":{"line":264,"column":9}},"loc":{"start":{"line":264,"column":28},"end":{"line":280,"column":1}},"line":264},"5":{"name":"getMailTransporter","decl":{"start":{"line":283,"column":9},"end":{"line":283,"column":27}},"loc":{"start":{"line":283,"column":30},"end":{"line":297,"column":1}},"line":283},"6":{"name":"(anonymous_6)","decl":{"start":{"line":318,"column":31},"end":{"line":318,"column":32}},"loc":{"start":{"line":318,"column":51},"end":{"line":420,"column":1}},"line":318},"7":{"name":"(anonymous_7)","decl":{"start":{"line":423,"column":32},"end":{"line":423,"column":33}},"loc":{"start":{"line":423,"column":52},"end":{"line":495,"column":1}},"line":423},"8":{"name":"(anonymous_8)","decl":{"start":{"line":498,"column":29},"end":{"line":498,"column":30}},"loc":{"start":{"line":498,"column":49},"end":{"line":558,"column":1}},"line":498},"9":{"name":"(anonymous_9)","decl":{"start":{"line":561,"column":28},"end":{"line":561,"column":29}},"loc":{"start":{"line":561,"column":48},"end":{"line":579,"column":1}},"line":561},"10":{"name":"(anonymous_10)","decl":{"start":{"line":586,"column":22},"end":{"line":586,"column":23}},"loc":{"start":{"line":586,"column":28},"end":{"line":590,"column":3}},"line":586},"11":{"name":"(anonymous_11)","decl":{"start":{"line":587,"column":21},"end":{"line":587,"column":22}},"loc":{"start":{"line":587,"column":27},"end":{"line":589,"column":5}},"line":587}},"branchMap":{"0":{"loc":{"start":{"line":15,"column":13},"end":{"line":15,"column":37}},"type":"binary-expr","locations":[{"start":{"line":15,"column":13},"end":{"line":15,"column":29}},{"start":{"line":15,"column":33},"end":{"line":15,"column":37}}],"line":15},"1":{"loc":{"start":{"line":22,"column":0},"end":{"line":30,"column":1}},"type":"if","locations":[{"start":{"line":22,"column":0},"end":{"line":30,"column":1}},{"start":{},"end":{}}],"line":22},"2":{"loc":{"start":{"line":44,"column":2},"end":{"line":46,"column":3}},"type":"if","locations":[{"start":{"line":44,"column":2},"end":{"line":46,"column":3}},{"start":{},"end":{}}],"line":44},"3":{"loc":{"start":{"line":54,"column":2},"end":{"line":57,"column":3}},"type":"if","locations":[{"start":{"line":54,"column":2},"end":{"line":57,"column":3}},{"start":{},"end":{}}],"line":54},"4":{"loc":{"start":{"line":69,"column":2},"end":{"line":69,"column":52}},"type":"if","locations":[{"start":{"line":69,"column":2},"end":{"line":69,"column":52}},{"start":{},"end":{}}],"line":69},"5":{"loc":{"start":{"line":75,"column":2},"end":{"line":77,"column":3}},"type":"if","locations":[{"start":{"line":75,"column":2},"end":{"line":77,"column":3}},{"start":{},"end":{}}],"line":75},"6":{"loc":{"start":{"line":79,"column":2},"end":{"line":81,"column":3}},"type":"if","locations":[{"start":{"line":79,"column":2},"end":{"line":81,"column":3}},{"start":{},"end":{}}],"line":79},"7":{"loc":{"start":{"line":79,"column":6},"end":{"line":79,"column":56}},"type":"binary-expr","locations":[{"start":{"line":79,"column":6},"end":{"line":79,"column":37}},{"start":{"line":79,"column":41},"end":{"line":79,"column":56}}],"line":79},"8":{"loc":{"start":{"line":85,"column":4},"end":{"line":99,"column":5}},"type":"if","locations":[{"start":{"line":85,"column":4},"end":{"line":99,"column":5}},{"start":{"line":90,"column":11},"end":{"line":99,"column":5}}],"line":85},"9":{"loc":{"start":{"line":92,"column":6},"end":{"line":94,"column":7}},"type":"if","locations":[{"start":{"line":92,"column":6},"end":{"line":94,"column":7}},{"start":{},"end":{}}],"line":92},"10":{"loc":{"start":{"line":92,"column":10},"end":{"line":92,"column":48}},"type":"binary-expr","locations":[{"start":{"line":92,"column":10},"end":{"line":92,"column":21}},{"start":{"line":92,"column":25},"end":{"line":92,"column":48}}],"line":92},"11":{"loc":{"start":{"line":114,"column":4},"end":{"line":114,"column":24}},"type":"if","locations":[{"start":{"line":114,"column":4},"end":{"line":114,"column":24}},{"start":{},"end":{}}],"line":114},"12":{"loc":{"start":{"line":119,"column":18},"end":{"line":119,"column":57}},"type":"binary-expr","locations":[{"start":{"line":119,"column":18},"end":{"line":119,"column":51}},{"start":{"line":119,"column":55},"end":{"line":119,"column":57}}],"line":119},"13":{"loc":{"start":{"line":122,"column":25},"end":{"line":122,"column":51}},"type":"binary-expr","locations":[{"start":{"line":122,"column":25},"end":{"line":122,"column":45}},{"start":{"line":122,"column":49},"end":{"line":122,"column":51}}],"line":122},"14":{"loc":{"start":{"line":124,"column":6},"end":{"line":126,"column":7}},"type":"if","locations":[{"start":{"line":124,"column":6},"end":{"line":126,"column":7}},{"start":{},"end":{}}],"line":124},"15":{"loc":{"start":{"line":124,"column":10},"end":{"line":124,"column":59}},"type":"binary-expr","locations":[{"start":{"line":124,"column":11},"end":{"line":124,"column":19}},{"start":{"line":124,"column":23},"end":{"line":124,"column":33}},{"start":{"line":124,"column":38},"end":{"line":124,"column":59}}],"line":124},"16":{"loc":{"start":{"line":131,"column":4},"end":{"line":131,"column":37}},"type":"if","locations":[{"start":{"line":131,"column":4},"end":{"line":131,"column":37}},{"start":{},"end":{}}],"line":131},"17":{"loc":{"start":{"line":143,"column":6},"end":{"line":145,"column":7}},"type":"if","locations":[{"start":{"line":143,"column":6},"end":{"line":145,"column":7}},{"start":{},"end":{}}],"line":143},"18":{"loc":{"start":{"line":143,"column":10},"end":{"line":143,"column":95}},"type":"binary-expr","locations":[{"start":{"line":143,"column":10},"end":{"line":143,"column":30}},{"start":{"line":143,"column":34},"end":{"line":143,"column":65}},{"start":{"line":143,"column":69},"end":{"line":143,"column":95}}],"line":143},"19":{"loc":{"start":{"line":152,"column":4},"end":{"line":167,"column":5}},"type":"if","locations":[{"start":{"line":152,"column":4},"end":{"line":167,"column":5}},{"start":{},"end":{}}],"line":152},"20":{"loc":{"start":{"line":173,"column":6},"end":{"line":173,"column":28}},"type":"binary-expr","locations":[{"start":{"line":173,"column":6},"end":{"line":173,"column":15}},{"start":{"line":173,"column":19},"end":{"line":173,"column":28}}],"line":173},"21":{"loc":{"start":{"line":174,"column":6},"end":{"line":174,"column":21}},"type":"binary-expr","locations":[{"start":{"line":174,"column":6},"end":{"line":174,"column":15}},{"start":{"line":174,"column":19},"end":{"line":174,"column":21}}],"line":174},"22":{"loc":{"start":{"line":175,"column":6},"end":{"line":175,"column":22}},"type":"binary-expr","locations":[{"start":{"line":175,"column":6},"end":{"line":175,"column":16}},{"start":{"line":175,"column":20},"end":{"line":175,"column":22}}],"line":175},"23":{"loc":{"start":{"line":176,"column":6},"end":{"line":176,"column":22}},"type":"binary-expr","locations":[{"start":{"line":176,"column":6},"end":{"line":176,"column":16}},{"start":{"line":176,"column":20},"end":{"line":176,"column":22}}],"line":176},"24":{"loc":{"start":{"line":177,"column":6},"end":{"line":177,"column":44}},"type":"cond-expr","locations":[{"start":{"line":177,"column":31},"end":{"line":177,"column":39}},{"start":{"line":177,"column":42},"end":{"line":177,"column":44}}],"line":177},"25":{"loc":{"start":{"line":178,"column":6},"end":{"line":178,"column":24}},"type":"binary-expr","locations":[{"start":{"line":178,"column":6},"end":{"line":178,"column":18}},{"start":{"line":178,"column":22},"end":{"line":178,"column":24}}],"line":178},"26":{"loc":{"start":{"line":189,"column":61},"end":{"line":189,"column":98}},"type":"binary-expr","locations":[{"start":{"line":189,"column":61},"end":{"line":189,"column":71}},{"start":{"line":189,"column":75},"end":{"line":189,"column":85}},{"start":{"line":189,"column":89},"end":{"line":189,"column":98}}],"line":189},"27":{"loc":{"start":{"line":201,"column":19},"end":{"line":201,"column":86}},"type":"binary-expr","locations":[{"start":{"line":201,"column":19},"end":{"line":201,"column":44}},{"start":{"line":201,"column":48},"end":{"line":201,"column":86}}],"line":201},"28":{"loc":{"start":{"line":205,"column":4},"end":{"line":207,"column":5}},"type":"if","locations":[{"start":{"line":205,"column":4},"end":{"line":207,"column":5}},{"start":{},"end":{}}],"line":205},"29":{"loc":{"start":{"line":266,"column":2},"end":{"line":278,"column":3}},"type":"if","locations":[{"start":{"line":266,"column":2},"end":{"line":278,"column":3}},{"start":{"line":270,"column":7},"end":{"line":278,"column":3}}],"line":266},"30":{"loc":{"start":{"line":270,"column":7},"end":{"line":278,"column":3}},"type":"if","locations":[{"start":{"line":270,"column":7},"end":{"line":278,"column":3}},{"start":{"line":274,"column":7},"end":{"line":278,"column":3}}],"line":270},"31":{"loc":{"start":{"line":270,"column":11},"end":{"line":270,"column":56}},"type":"binary-expr","locations":[{"start":{"line":270,"column":11},"end":{"line":270,"column":37}},{"start":{"line":270,"column":41},"end":{"line":270,"column":56}}],"line":270},"32":{"loc":{"start":{"line":274,"column":7},"end":{"line":278,"column":3}},"type":"if","locations":[{"start":{"line":274,"column":7},"end":{"line":278,"column":3}},{"start":{},"end":{}}],"line":274},"33":{"loc":{"start":{"line":285,"column":2},"end":{"line":287,"column":3}},"type":"if","locations":[{"start":{"line":285,"column":2},"end":{"line":287,"column":3}},{"start":{},"end":{}}],"line":285},"34":{"loc":{"start":{"line":285,"column":6},"end":{"line":285,"column":54}},"type":"binary-expr","locations":[{"start":{"line":285,"column":6},"end":{"line":285,"column":28}},{"start":{"line":285,"column":32},"end":{"line":285,"column":54}}],"line":285},"35":{"loc":{"start":{"line":289,"column":10},"end":{"line":289,"column":51}},"type":"binary-expr","locations":[{"start":{"line":289,"column":10},"end":{"line":289,"column":31}},{"start":{"line":289,"column":35},"end":{"line":289,"column":51}}],"line":289},"36":{"loc":{"start":{"line":290,"column":19},"end":{"line":290,"column":49}},"type":"binary-expr","locations":[{"start":{"line":290,"column":19},"end":{"line":290,"column":40}},{"start":{"line":290,"column":44},"end":{"line":290,"column":49}}],"line":290},"37":{"loc":{"start":{"line":322,"column":2},"end":{"line":324,"column":3}},"type":"if","locations":[{"start":{"line":322,"column":2},"end":{"line":324,"column":3}},{"start":{},"end":{}}],"line":322},"38":{"loc":{"start":{"line":322,"column":6},"end":{"line":322,"column":31}},"type":"binary-expr","locations":[{"start":{"line":322,"column":6},"end":{"line":322,"column":11}},{"start":{"line":322,"column":15},"end":{"line":322,"column":21}},{"start":{"line":322,"column":25},"end":{"line":322,"column":31}}],"line":322},"39":{"loc":{"start":{"line":328,"column":2},"end":{"line":330,"column":3}},"type":"if","locations":[{"start":{"line":328,"column":2},"end":{"line":330,"column":3}},{"start":{},"end":{}}],"line":328},"40":{"loc":{"start":{"line":335,"column":6},"end":{"line":340,"column":7}},"type":"if","locations":[{"start":{"line":335,"column":6},"end":{"line":340,"column":7}},{"start":{},"end":{}}],"line":335},"41":{"loc":{"start":{"line":354,"column":4},"end":{"line":413,"column":5}},"type":"if","locations":[{"start":{"line":354,"column":4},"end":{"line":413,"column":5}},{"start":{},"end":{}}],"line":354},"42":{"loc":{"start":{"line":357,"column":18},"end":{"line":357,"column":53}},"type":"binary-expr","locations":[{"start":{"line":357,"column":18},"end":{"line":357,"column":41}},{"start":{"line":357,"column":45},"end":{"line":357,"column":53}}],"line":357},"43":{"loc":{"start":{"line":358,"column":12},"end":{"line":358,"column":56}},"type":"binary-expr","locations":[{"start":{"line":358,"column":12},"end":{"line":358,"column":35}},{"start":{"line":358,"column":39},"end":{"line":358,"column":56}}],"line":358},"44":{"loc":{"start":{"line":376,"column":18},"end":{"line":376,"column":53}},"type":"binary-expr","locations":[{"start":{"line":376,"column":18},"end":{"line":376,"column":41}},{"start":{"line":376,"column":45},"end":{"line":376,"column":53}}],"line":376},"45":{"loc":{"start":{"line":426,"column":2},"end":{"line":428,"column":3}},"type":"if","locations":[{"start":{"line":426,"column":2},"end":{"line":428,"column":3}},{"start":{},"end":{}}],"line":426},"46":{"loc":{"start":{"line":426,"column":6},"end":{"line":426,"column":31}},"type":"binary-expr","locations":[{"start":{"line":426,"column":6},"end":{"line":426,"column":11}},{"start":{"line":426,"column":15},"end":{"line":426,"column":21}},{"start":{"line":426,"column":25},"end":{"line":426,"column":31}}],"line":426},"47":{"loc":{"start":{"line":431,"column":2},"end":{"line":433,"column":3}},"type":"if","locations":[{"start":{"line":431,"column":2},"end":{"line":433,"column":3}},{"start":{},"end":{}}],"line":431},"48":{"loc":{"start":{"line":436,"column":2},"end":{"line":439,"column":3}},"type":"if","locations":[{"start":{"line":436,"column":2},"end":{"line":439,"column":3}},{"start":{},"end":{}}],"line":436},"49":{"loc":{"start":{"line":444,"column":6},"end":{"line":449,"column":7}},"type":"if","locations":[{"start":{"line":444,"column":6},"end":{"line":449,"column":7}},{"start":{},"end":{}}],"line":444},"50":{"loc":{"start":{"line":463,"column":4},"end":{"line":488,"column":5}},"type":"if","locations":[{"start":{"line":463,"column":4},"end":{"line":488,"column":5}},{"start":{},"end":{}}],"line":463},"51":{"loc":{"start":{"line":465,"column":18},"end":{"line":465,"column":53}},"type":"binary-expr","locations":[{"start":{"line":465,"column":18},"end":{"line":465,"column":41}},{"start":{"line":465,"column":45},"end":{"line":465,"column":53}}],"line":465},"52":{"loc":{"start":{"line":501,"column":2},"end":{"line":503,"column":3}},"type":"if","locations":[{"start":{"line":501,"column":2},"end":{"line":503,"column":3}},{"start":{},"end":{}}],"line":501},"53":{"loc":{"start":{"line":501,"column":6},"end":{"line":501,"column":35}},"type":"binary-expr","locations":[{"start":{"line":501,"column":6},"end":{"line":501,"column":11}},{"start":{"line":501,"column":15},"end":{"line":501,"column":21}},{"start":{"line":501,"column":25},"end":{"line":501,"column":35}}],"line":501},"54":{"loc":{"start":{"line":506,"column":2},"end":{"line":508,"column":3}},"type":"if","locations":[{"start":{"line":506,"column":2},"end":{"line":508,"column":3}},{"start":{},"end":{}}],"line":506},"55":{"loc":{"start":{"line":513,"column":6},"end":{"line":518,"column":7}},"type":"if","locations":[{"start":{"line":513,"column":6},"end":{"line":518,"column":7}},{"start":{},"end":{}}],"line":513},"56":{"loc":{"start":{"line":516,"column":55},"end":{"line":516,"column":79}},"type":"binary-expr","locations":[{"start":{"line":516,"column":55},"end":{"line":516,"column":70}},{"start":{"line":516,"column":74},"end":{"line":516,"column":79}}],"line":516},"57":{"loc":{"start":{"line":525,"column":107},"end":{"line":525,"column":131}},"type":"binary-expr","locations":[{"start":{"line":525,"column":107},"end":{"line":525,"column":122}},{"start":{"line":525,"column":126},"end":{"line":525,"column":131}}],"line":525},"58":{"loc":{"start":{"line":532,"column":4},"end":{"line":551,"column":5}},"type":"if","locations":[{"start":{"line":532,"column":4},"end":{"line":551,"column":5}},{"start":{},"end":{}}],"line":532},"59":{"loc":{"start":{"line":534,"column":18},"end":{"line":534,"column":61}},"type":"binary-expr","locations":[{"start":{"line":534,"column":18},"end":{"line":534,"column":41}},{"start":{"line":534,"column":45},"end":{"line":534,"column":61}}],"line":534},"60":{"loc":{"start":{"line":535,"column":12},"end":{"line":535,"column":56}},"type":"binary-expr","locations":[{"start":{"line":535,"column":12},"end":{"line":535,"column":35}},{"start":{"line":535,"column":39},"end":{"line":535,"column":56}}],"line":535},"61":{"loc":{"start":{"line":542,"column":49},"end":{"line":542,"column":73}},"type":"binary-expr","locations":[{"start":{"line":542,"column":49},"end":{"line":542,"column":64}},{"start":{"line":542,"column":68},"end":{"line":542,"column":73}}],"line":542},"62":{"loc":{"start":{"line":564,"column":2},"end":{"line":567,"column":3}},"type":"if","locations":[{"start":{"line":564,"column":2},"end":{"line":567,"column":3}},{"start":{},"end":{}}],"line":564},"63":{"loc":{"start":{"line":564,"column":6},"end":{"line":564,"column":49}},"type":"binary-expr","locations":[{"start":{"line":564,"column":6},"end":{"line":564,"column":12}},{"start":{"line":564,"column":16},"end":{"line":564,"column":49}}],"line":564},"64":{"loc":{"start":{"line":570,"column":4},"end":{"line":572,"column":5}},"type":"if","locations":[{"start":{"line":570,"column":4},"end":{"line":572,"column":5}},{"start":{},"end":{}}],"line":570},"65":{"loc":{"start":{"line":585,"column":0},"end":{"line":594,"column":1}},"type":"if","locations":[{"start":{"line":585,"column":0},"end":{"line":594,"column":1}},{"start":{"line":591,"column":7},"end":{"line":594,"column":1}}],"line":585},"66":{"loc":{"start":{"line":588,"column":42},"end":{"line":588,"column":79}},"type":"binary-expr","locations":[{"start":{"line":588,"column":42},"end":{"line":588,"column":62}},{"start":{"line":588,"column":66},"end":{"line":588,"column":79}}],"line":588}},"s":{"0":0,"1":0,"2":0,"3":0,"4":0,"5":0,"6":0,"7":0,"8":0,"9":0,"10":0,"11":0,"12":0,"13":0,"14":0,"15":0,"16":0,"17":0,"18":0,"19":0,"20":0,"21":0,"22":0,"23":0,"24":0,"25":0,"26":0,"27":0,"28":0,"29":0,"30":0,"31":0,"32":0,"33":0,"34":0,"35":0,"36":0,"37":0,"38":0,"39":0,"40":0,"41":0,"42":0,"43":0,"44":0,"45":0,"46":0,"47":0,"48":0,"49":0,"50":0,"51":0,"52":0,"53":0,"54":0,"55":0,"56":0,"57":0,"58":0,"59":0,"60":0,"61":0,"62":0,"63":0,"64":0,"65":0,"66":0,"67":0,"68":0,"69":0,"70":0,"71":0,"72":0,"73":0,"74":0,"75":0,"76":0,"77":0,"78":0,"79":0,"80":0,"81":0,"82":0,"83":0,"84":0,"85":0,"86":0,"87":0,"88":0,"89":0,"90":0,"91":0,"92":0,"93":0,"94":0,"95":0,"96":0,"97":0,"98":0,"99":0,"100":0,"101":0,"102":0,"103":0,"104":0,"105":0,"106":0,"107":0,"108":0,"109":0,"110":0,"111":0,"112":0,"113":0,"114":0,"115":0,"116":0,"117":0,"118":0,"119":0,"120":0,"121":0,"122":0,"123":0,"124":0,"125":0,"126":0,"127":0,"128":0,"129":0,"130":0,"131":0,"132":0,"133":0,"134":0,"135":0,"136":0,"137":0,"138":0,"139":0,"140":0,"141":0,"142":0,"143":0,"144":0,"145":0,"146":0,"147":0,"148":0,"149":0,"150":0,"151":0,"152":0,"153":0,"154":0,"155":0,"156":0,"157":0,"158":0,"159":0,"160":0,"161":0,"162":0,"163":0,"164":0,"165":0,"166":0,"167":0,"168":0,"169":0,"170":0,"171":0,"172":0,"173":0,"174":0,"175":0,"176":0,"177":0,"178":0,"179":0,"180":0,"181":0,"182":0,"183":0,"184":0,"185":0,"186":0,"187":0,"188":0,"189":0,"190":0,"191":0,"192":0,"193":0,"194":0,"195":0,"196":0,"197":0,"198":0,"199":0,"200":0,"201":0,"202":0,"203":0,"204":0,"205":0,"206":0,"207":0,"208":0,"209":0,"210":0,"211":0,"212":0,"213":0,"214":0,"215":0,"216":0,"217":0,"218":0,"219":0},"f":{"0":0,"1":0,"2":0,"3":0,"4":0,"5":0,"6":0,"7":0,"8":0,"9":0,"10":0,"11":0},"b":{"0":[0,0],"1":[0,0],"2":[0,0],"3":[0,0],"4":[0,0],"5":[0,0],"6":[0,0],"7":[0,0],"8":[0,0],"9":[0,0],"10":[0,0],"11":[0,0],"12":[0,0],"13":[0,0],"14":[0,0],"15":[0,0,0],"16":[0,0],"17":[0,0],"18":[0,0,0],"19":[0,0],"20":[0,0],"21":[0,0],"22":[0,0],"23":[0,0],"24":[0,0],"25":[0,0],"26":[0,0,0],"27":[0,0],"28":[0,0],"29":[0,0],"30":[0,0],"31":[0,0],"32":[0,0],"33":[0,0],"34":[0,0],"35":[0,0],"36":[0,0],"37":[0,0],"38":[0,0,0],"39":[0,0],"40":[0,0],"41":[0,0],"42":[0,0],"43":[0,0],"44":[0,0],"45":[0,0],"46":[0,0,0],"47":[0,0],"48":[0,0],"49":[0,0],"50":[0,0],"51":[0,0],"52":[0,0],"53":[0,0,0],"54":[0,0],"55":[0,0],"56":[0,0],"57":[0,0],"58":[0,0],"59":[0,0],"60":[0,0],"61":[0,0],"62":[0,0],"63":[0,0],"64":[0,0],"65":[0,0],"66":[0,0]}}
,"/Users/leduykhang/Downloads/manulife/MCONIC Redesign/js/insurance.js": {"path":"/Users/leduykhang/Downloads/manulife/MCONIC Redesign/js/insurance.js","statementMap":{"0":{"start":{"line":4,"column":0},"end":{"line":277,"column":3}},"1":{"start":{"line":7,"column":14},"end":{"line":7,"column":44}},"2":{"start":{"line":8,"column":19},"end":{"line":8,"column":78}},"3":{"start":{"line":8,"column":25},"end":{"line":8,"column":78}},"4":{"start":{"line":9,"column":2},"end":{"line":9,"column":65}},"5":{"start":{"line":10,"column":2},"end":{"line":10,"column":13}},"6":{"start":{"line":13,"column":17},"end":{"line":13,"column":50}},"7":{"start":{"line":14,"column":16},"end":{"line":14,"column":51}},"8":{"start":{"line":15,"column":18},"end":{"line":15,"column":55}},"9":{"start":{"line":16,"column":19},"end":{"line":16,"column":54}},"10":{"start":{"line":18,"column":19},"end":{"line":23,"column":3}},"11":{"start":{"line":19,"column":4},"end":{"line":19,"column":32}},"12":{"start":{"line":20,"column":4},"end":{"line":20,"column":36}},"13":{"start":{"line":21,"column":4},"end":{"line":21,"column":49}},"14":{"start":{"line":22,"column":4},"end":{"line":22,"column":44}},"15":{"start":{"line":25,"column":20},"end":{"line":33,"column":3}},"16":{"start":{"line":26,"column":4},"end":{"line":26,"column":35}},"17":{"start":{"line":27,"column":4},"end":{"line":27,"column":39}},"18":{"start":{"line":28,"column":4},"end":{"line":28,"column":50}},"19":{"start":{"line":30,"column":4},"end":{"line":32,"column":12}},"20":{"start":{"line":31,"column":6},"end":{"line":31,"column":40}},"21":{"start":{"line":35,"column":2},"end":{"line":35,"column":45}},"22":{"start":{"line":36,"column":2},"end":{"line":36,"column":48}},"23":{"start":{"line":37,"column":2},"end":{"line":37,"column":47}},"24":{"start":{"line":40,"column":2},"end":{"line":68,"column":5}},"25":{"start":{"line":41,"column":4},"end":{"line":67,"column":7}},"26":{"start":{"line":42,"column":19},"end":{"line":42,"column":44}},"27":{"start":{"line":44,"column":6},"end":{"line":47,"column":7}},"28":{"start":{"line":45,"column":8},"end":{"line":45,"column":20}},"29":{"start":{"line":46,"column":8},"end":{"line":46,"column":15}},"30":{"start":{"line":49,"column":6},"end":{"line":59,"column":7}},"31":{"start":{"line":50,"column":8},"end":{"line":50,"column":27}},"32":{"start":{"line":51,"column":8},"end":{"line":51,"column":20}},"33":{"start":{"line":52,"column":23},"end":{"line":52,"column":51}},"34":{"start":{"line":53,"column":8},"end":{"line":57,"column":9}},"35":{"start":{"line":54,"column":10},"end":{"line":56,"column":18}},"36":{"start":{"line":55,"column":12},"end":{"line":55,"column":74}},"37":{"start":{"line":58,"column":8},"end":{"line":58,"column":15}},"38":{"start":{"line":61,"column":6},"end":{"line":61,"column":25}},"39":{"start":{"line":62,"column":6},"end":{"line":62,"column":18}},"40":{"start":{"line":64,"column":6},"end":{"line":66,"column":14}},"41":{"start":{"line":65,"column":8},"end":{"line":65,"column":36}},"42":{"start":{"line":70,"column":2},"end":{"line":72,"column":5}},"43":{"start":{"line":71,"column":4},"end":{"line":71,"column":40}},"44":{"start":{"line":71,"column":28},"end":{"line":71,"column":40}},"45":{"start":{"line":76,"column":2},"end":{"line":86,"column":5}},"46":{"start":{"line":77,"column":4},"end":{"line":85,"column":7}},"47":{"start":{"line":78,"column":17},"end":{"line":78,"column":39}},"48":{"start":{"line":79,"column":6},"end":{"line":79,"column":46}},"49":{"start":{"line":79,"column":39},"end":{"line":79,"column":46}},"50":{"start":{"line":80,"column":17},"end":{"line":80,"column":43}},"51":{"start":{"line":81,"column":6},"end":{"line":84,"column":7}},"52":{"start":{"line":82,"column":8},"end":{"line":82,"column":27}},"53":{"start":{"line":83,"column":8},"end":{"line":83,"column":66}},"54":{"start":{"line":89,"column":2},"end":{"line":94,"column":5}},"55":{"start":{"line":90,"column":4},"end":{"line":93,"column":7}},"56":{"start":{"line":91,"column":6},"end":{"line":91,"column":97}},"57":{"start":{"line":92,"column":6},"end":{"line":92,"column":70}},"58":{"start":{"line":92,"column":23},"end":{"line":92,"column":63}},"59":{"start":{"line":97,"column":26},"end":{"line":105,"column":3}},"60":{"start":{"line":107,"column":15},"end":{"line":107,"column":51}},"61":{"start":{"line":108,"column":17},"end":{"line":108,"column":55}},"62":{"start":{"line":109,"column":19},"end":{"line":109,"column":53}},"63":{"start":{"line":110,"column":20},"end":{"line":110,"column":57}},"64":{"start":{"line":111,"column":30},"end":{"line":111,"column":81}},"65":{"start":{"line":113,"column":14},"end":{"line":113,"column":92}},"66":{"start":{"line":113,"column":19},"end":{"line":113,"column":92}},"67":{"start":{"line":113,"column":45},"end":{"line":113,"column":90}},"68":{"start":{"line":116,"column":4},"end":{"line":118,"column":7}},"69":{"start":{"line":117,"column":6},"end":{"line":117,"column":82}},"70":{"start":{"line":119,"column":4},"end":{"line":121,"column":5}},"71":{"start":{"line":120,"column":6},"end":{"line":120,"column":57}},"72":{"start":{"line":122,"column":4},"end":{"line":124,"column":5}},"73":{"start":{"line":123,"column":6},"end":{"line":123,"column":49}},"74":{"start":{"line":128,"column":4},"end":{"line":128,"column":26}},"75":{"start":{"line":129,"column":4},"end":{"line":129,"column":36}},"76":{"start":{"line":130,"column":4},"end":{"line":130,"column":34}},"77":{"start":{"line":133,"column":2},"end":{"line":141,"column":5}},"78":{"start":{"line":134,"column":15},"end":{"line":134,"column":42}},"79":{"start":{"line":135,"column":4},"end":{"line":140,"column":5}},"80":{"start":{"line":136,"column":6},"end":{"line":139,"column":9}},"81":{"start":{"line":137,"column":22},"end":{"line":137,"column":57}},"82":{"start":{"line":138,"column":8},"end":{"line":138,"column":42}},"83":{"start":{"line":138,"column":19},"end":{"line":138,"column":42}},"84":{"start":{"line":144,"column":16},"end":{"line":144,"column":20}},"85":{"start":{"line":145,"column":17},"end":{"line":145,"column":62}},"86":{"start":{"line":146,"column":21},"end":{"line":146,"column":67}},"87":{"start":{"line":147,"column":19},"end":{"line":147,"column":56}},"88":{"start":{"line":148,"column":16},"end":{"line":148,"column":32}},"89":{"start":{"line":151,"column":18},"end":{"line":151,"column":49}},"90":{"start":{"line":153,"column":4},"end":{"line":153,"column":57}},"91":{"start":{"line":154,"column":4},"end":{"line":154,"column":58}},"92":{"start":{"line":155,"column":4},"end":{"line":155,"column":56}},"93":{"start":{"line":157,"column":4},"end":{"line":160,"column":5}},"94":{"start":{"line":158,"column":6},"end":{"line":158,"column":80}},"95":{"start":{"line":159,"column":6},"end":{"line":159,"column":20}},"96":{"start":{"line":161,"column":4},"end":{"line":164,"column":5}},"97":{"start":{"line":162,"column":6},"end":{"line":162,"column":106}},"98":{"start":{"line":163,"column":6},"end":{"line":163,"column":20}},"99":{"start":{"line":165,"column":4},"end":{"line":168,"column":5}},"100":{"start":{"line":166,"column":6},"end":{"line":166,"column":94}},"101":{"start":{"line":167,"column":6},"end":{"line":167,"column":20}},"102":{"start":{"line":169,"column":4},"end":{"line":169,"column":47}},"103":{"start":{"line":172,"column":2},"end":{"line":238,"column":5}},"104":{"start":{"line":173,"column":4},"end":{"line":173,"column":23}},"105":{"start":{"line":174,"column":17},"end":{"line":174,"column":31}},"106":{"start":{"line":175,"column":4},"end":{"line":175,"column":22}},"107":{"start":{"line":175,"column":15},"end":{"line":175,"column":22}},"108":{"start":{"line":177,"column":16},"end":{"line":177,"column":24}},"109":{"start":{"line":178,"column":17},"end":{"line":178,"column":72}},"110":{"start":{"line":178,"column":43},"end":{"line":178,"column":71}},"111":{"start":{"line":181,"column":4},"end":{"line":192,"column":7}},"112":{"start":{"line":191,"column":6},"end":{"line":191,"column":57}},"113":{"start":{"line":194,"column":4},"end":{"line":194,"column":21}},"114":{"start":{"line":196,"column":4},"end":{"line":230,"column":5}},"115":{"start":{"line":197,"column":6},"end":{"line":197,"column":36}},"116":{"start":{"line":198,"column":6},"end":{"line":198,"column":38}},"117":{"start":{"line":200,"column":6},"end":{"line":206,"column":9}},"118":{"start":{"line":201,"column":8},"end":{"line":205,"column":9}},"119":{"start":{"line":202,"column":10},"end":{"line":202,"column":50}},"120":{"start":{"line":204,"column":10},"end":{"line":204,"column":44}},"121":{"start":{"line":208,"column":6},"end":{"line":210,"column":7}},"122":{"start":{"line":209,"column":8},"end":{"line":209,"column":56}},"123":{"start":{"line":211,"column":6},"end":{"line":213,"column":7}},"124":{"start":{"line":212,"column":8},"end":{"line":212,"column":52}},"125":{"start":{"line":215,"column":6},"end":{"line":223,"column":8}},"126":{"start":{"line":224,"column":6},"end":{"line":224,"column":35}},"127":{"start":{"line":225,"column":6},"end":{"line":225,"column":37}},"128":{"start":{"line":227,"column":6},"end":{"line":229,"column":9}},"129":{"start":{"line":228,"column":8},"end":{"line":228,"column":45}},"130":{"start":{"line":232,"column":4},"end":{"line":237,"column":12}},"131":{"start":{"line":233,"column":27},"end":{"line":233,"column":59}},"132":{"start":{"line":234,"column":6},"end":{"line":236,"column":7}},"133":{"start":{"line":235,"column":8},"end":{"line":235,"column":76}},"134":{"start":{"line":240,"column":2},"end":{"line":246,"column":5}},"135":{"start":{"line":241,"column":4},"end":{"line":243,"column":7}},"136":{"start":{"line":242,"column":6},"end":{"line":242,"column":27}},"137":{"start":{"line":244,"column":4},"end":{"line":244,"column":23}},"138":{"start":{"line":245,"column":4},"end":{"line":245,"column":21}},"139":{"start":{"line":248,"column":26},"end":{"line":248,"column":71}},"140":{"start":{"line":249,"column":2},"end":{"line":258,"column":3}},"141":{"start":{"line":250,"column":4},"end":{"line":257,"column":7}},"142":{"start":{"line":251,"column":6},"end":{"line":253,"column":9}},"143":{"start":{"line":252,"column":8},"end":{"line":252,"column":45}},"144":{"start":{"line":254,"column":19},"end":{"line":254,"column":56}},"145":{"start":{"line":255,"column":6},"end":{"line":255,"column":62}},"146":{"start":{"line":255,"column":16},"end":{"line":255,"column":62}},"147":{"start":{"line":256,"column":6},"end":{"line":256,"column":74}},"148":{"start":{"line":256,"column":31},"end":{"line":256,"column":74}},"149":{"start":{"line":261,"column":17},"end":{"line":261,"column":78}},"150":{"start":{"line":262,"column":18},"end":{"line":262,"column":54}},"151":{"start":{"line":263,"column":2},"end":{"line":275,"column":3}},"152":{"start":{"line":264,"column":4},"end":{"line":264,"column":50}},"153":{"start":{"line":264,"column":26},"end":{"line":264,"column":48}},"154":{"start":{"line":266,"column":15},"end":{"line":273,"column":58}},"155":{"start":{"line":267,"column":6},"end":{"line":272,"column":9}},"156":{"start":{"line":268,"column":8},"end":{"line":271,"column":9}},"157":{"start":{"line":269,"column":10},"end":{"line":269,"column":40}},"158":{"start":{"line":270,"column":10},"end":{"line":270,"column":35}},"159":{"start":{"line":274,"column":4},"end":{"line":274,"column":42}},"160":{"start":{"line":274,"column":26},"end":{"line":274,"column":40}}},"fnMap":{"0":{"name":"(anonymous_0)","decl":{"start":{"line":4,"column":46},"end":{"line":4,"column":47}},"loc":{"start":{"line":4,"column":52},"end":{"line":277,"column":1}},"line":4},"1":{"name":"(anonymous_1)","decl":{"start":{"line":8,"column":19},"end":{"line":8,"column":20}},"loc":{"start":{"line":8,"column":25},"end":{"line":8,"column":78}},"line":8},"2":{"name":"(anonymous_2)","decl":{"start":{"line":18,"column":19},"end":{"line":18,"column":20}},"loc":{"start":{"line":18,"column":25},"end":{"line":23,"column":3}},"line":18},"3":{"name":"(anonymous_3)","decl":{"start":{"line":25,"column":20},"end":{"line":25,"column":21}},"loc":{"start":{"line":25,"column":26},"end":{"line":33,"column":3}},"line":25},"4":{"name":"(anonymous_4)","decl":{"start":{"line":30,"column":15},"end":{"line":30,"column":16}},"loc":{"start":{"line":30,"column":21},"end":{"line":32,"column":5}},"line":30},"5":{"name":"(anonymous_5)","decl":{"start":{"line":40,"column":38},"end":{"line":40,"column":39}},"loc":{"start":{"line":40,"column":46},"end":{"line":68,"column":3}},"line":40},"6":{"name":"(anonymous_6)","decl":{"start":{"line":41,"column":35},"end":{"line":41,"column":36}},"loc":{"start":{"line":41,"column":42},"end":{"line":67,"column":5}},"line":41},"7":{"name":"(anonymous_7)","decl":{"start":{"line":54,"column":21},"end":{"line":54,"column":22}},"loc":{"start":{"line":54,"column":27},"end":{"line":56,"column":11}},"line":54},"8":{"name":"(anonymous_8)","decl":{"start":{"line":64,"column":17},"end":{"line":64,"column":18}},"loc":{"start":{"line":64,"column":23},"end":{"line":66,"column":7}},"line":64},"9":{"name":"(anonymous_9)","decl":{"start":{"line":70,"column":39},"end":{"line":70,"column":40}},"loc":{"start":{"line":70,"column":44},"end":{"line":72,"column":3}},"line":70},"10":{"name":"(anonymous_10)","decl":{"start":{"line":76,"column":71},"end":{"line":76,"column":72}},"loc":{"start":{"line":76,"column":76},"end":{"line":86,"column":3}},"line":76},"11":{"name":"(anonymous_11)","decl":{"start":{"line":77,"column":32},"end":{"line":77,"column":33}},"loc":{"start":{"line":77,"column":37},"end":{"line":85,"column":5}},"line":77},"12":{"name":"(anonymous_12)","decl":{"start":{"line":89,"column":51},"end":{"line":89,"column":52}},"loc":{"start":{"line":89,"column":56},"end":{"line":94,"column":3}},"line":89},"13":{"name":"(anonymous_13)","decl":{"start":{"line":90,"column":32},"end":{"line":90,"column":33}},"loc":{"start":{"line":90,"column":38},"end":{"line":93,"column":5}},"line":90},"14":{"name":"(anonymous_14)","decl":{"start":{"line":92,"column":17},"end":{"line":92,"column":18}},"loc":{"start":{"line":92,"column":23},"end":{"line":92,"column":63}},"line":92},"15":{"name":"(anonymous_15)","decl":{"start":{"line":113,"column":14},"end":{"line":113,"column":15}},"loc":{"start":{"line":113,"column":19},"end":{"line":113,"column":92}},"line":113},"16":{"name":"(anonymous_16)","decl":{"start":{"line":113,"column":39},"end":{"line":113,"column":40}},"loc":{"start":{"line":113,"column":45},"end":{"line":113,"column":90}},"line":113},"17":{"name":"resetTierCards","decl":{"start":{"line":115,"column":11},"end":{"line":115,"column":25}},"loc":{"start":{"line":115,"column":28},"end":{"line":125,"column":3}},"line":115},"18":{"name":"(anonymous_18)","decl":{"start":{"line":116,"column":21},"end":{"line":116,"column":22}},"loc":{"start":{"line":116,"column":29},"end":{"line":118,"column":5}},"line":116},"19":{"name":"clearQuoteResult","decl":{"start":{"line":127,"column":11},"end":{"line":127,"column":27}},"loc":{"start":{"line":127,"column":30},"end":{"line":131,"column":3}},"line":127},"20":{"name":"(anonymous_20)","decl":{"start":{"line":133,"column":38},"end":{"line":133,"column":39}},"loc":{"start":{"line":133,"column":44},"end":{"line":141,"column":3}},"line":133},"21":{"name":"(anonymous_21)","decl":{"start":{"line":136,"column":35},"end":{"line":136,"column":36}},"loc":{"start":{"line":136,"column":41},"end":{"line":139,"column":7}},"line":136},"22":{"name":"validateForm","decl":{"start":{"line":143,"column":11},"end":{"line":143,"column":23}},"loc":{"start":{"line":143,"column":26},"end":{"line":170,"column":3}},"line":143},"23":{"name":"(anonymous_23)","decl":{"start":{"line":172,"column":34},"end":{"line":172,"column":35}},"loc":{"start":{"line":172,"column":39},"end":{"line":238,"column":3}},"line":172},"24":{"name":"(anonymous_24)","decl":{"start":{"line":178,"column":38},"end":{"line":178,"column":39}},"loc":{"start":{"line":178,"column":43},"end":{"line":178,"column":71}},"line":178},"25":{"name":"(anonymous_25)","decl":{"start":{"line":190,"column":13},"end":{"line":190,"column":14}},"loc":{"start":{"line":190,"column":20},"end":{"line":192,"column":5}},"line":190},"26":{"name":"(anonymous_26)","decl":{"start":{"line":200,"column":23},"end":{"line":200,"column":24}},"loc":{"start":{"line":200,"column":31},"end":{"line":206,"column":7}},"line":200},"27":{"name":"(anonymous_27)","decl":{"start":{"line":227,"column":23},"end":{"line":227,"column":24}},"loc":{"start":{"line":227,"column":31},"end":{"line":229,"column":7}},"line":227},"28":{"name":"(anonymous_28)","decl":{"start":{"line":232,"column":15},"end":{"line":232,"column":16}},"loc":{"start":{"line":232,"column":21},"end":{"line":237,"column":5}},"line":232},"29":{"name":"(anonymous_29)","decl":{"start":{"line":240,"column":33},"end":{"line":240,"column":34}},"loc":{"start":{"line":240,"column":39},"end":{"line":246,"column":3}},"line":240},"30":{"name":"(anonymous_30)","decl":{"start":{"line":241,"column":54},"end":{"line":241,"column":55}},"loc":{"start":{"line":241,"column":61},"end":{"line":243,"column":5}},"line":241},"31":{"name":"(anonymous_31)","decl":{"start":{"line":250,"column":46},"end":{"line":250,"column":47}},"loc":{"start":{"line":250,"column":52},"end":{"line":257,"column":5}},"line":250},"32":{"name":"(anonymous_32)","decl":{"start":{"line":251,"column":23},"end":{"line":251,"column":24}},"loc":{"start":{"line":251,"column":31},"end":{"line":253,"column":7}},"line":251},"33":{"name":"(anonymous_33)","decl":{"start":{"line":264,"column":20},"end":{"line":264,"column":21}},"loc":{"start":{"line":264,"column":26},"end":{"line":264,"column":48}},"line":264},"34":{"name":"(anonymous_34)","decl":{"start":{"line":266,"column":40},"end":{"line":266,"column":41}},"loc":{"start":{"line":266,"column":58},"end":{"line":273,"column":5}},"line":266},"35":{"name":"(anonymous_35)","decl":{"start":{"line":267,"column":22},"end":{"line":267,"column":23}},"loc":{"start":{"line":267,"column":28},"end":{"line":272,"column":7}},"line":267},"36":{"name":"(anonymous_36)","decl":{"start":{"line":274,"column":20},"end":{"line":274,"column":21}},"loc":{"start":{"line":274,"column":26},"end":{"line":274,"column":40}},"line":274}},"branchMap":{"0":{"loc":{"start":{"line":44,"column":6},"end":{"line":47,"column":7}},"type":"if","locations":[{"start":{"line":44,"column":6},"end":{"line":47,"column":7}},{"start":{},"end":{}}],"line":44},"1":{"loc":{"start":{"line":44,"column":10},"end":{"line":44,"column":31}},"type":"binary-expr","locations":[{"start":{"line":44,"column":10},"end":{"line":44,"column":15}},{"start":{"line":44,"column":19},"end":{"line":44,"column":31}}],"line":44},"2":{"loc":{"start":{"line":49,"column":6},"end":{"line":59,"column":7}},"type":"if","locations":[{"start":{"line":49,"column":6},"end":{"line":59,"column":7}},{"start":{},"end":{}}],"line":49},"3":{"loc":{"start":{"line":53,"column":8},"end":{"line":57,"column":9}},"type":"if","locations":[{"start":{"line":53,"column":8},"end":{"line":57,"column":9}},{"start":{},"end":{}}],"line":53},"4":{"loc":{"start":{"line":71,"column":4},"end":{"line":71,"column":40}},"type":"if","locations":[{"start":{"line":71,"column":4},"end":{"line":71,"column":40}},{"start":{},"end":{}}],"line":71},"5":{"loc":{"start":{"line":79,"column":6},"end":{"line":79,"column":46}},"type":"if","locations":[{"start":{"line":79,"column":6},"end":{"line":79,"column":46}},{"start":{},"end":{}}],"line":79},"6":{"loc":{"start":{"line":79,"column":10},"end":{"line":79,"column":37}},"type":"binary-expr","locations":[{"start":{"line":79,"column":10},"end":{"line":79,"column":20}},{"start":{"line":79,"column":24},"end":{"line":79,"column":37}}],"line":79},"7":{"loc":{"start":{"line":81,"column":6},"end":{"line":84,"column":7}},"type":"if","locations":[{"start":{"line":81,"column":6},"end":{"line":84,"column":7}},{"start":{},"end":{}}],"line":81},"8":{"loc":{"start":{"line":119,"column":4},"end":{"line":121,"column":5}},"type":"if","locations":[{"start":{"line":119,"column":4},"end":{"line":121,"column":5}},{"start":{},"end":{}}],"line":119},"9":{"loc":{"start":{"line":122,"column":4},"end":{"line":124,"column":5}},"type":"if","locations":[{"start":{"line":122,"column":4},"end":{"line":124,"column":5}},{"start":{},"end":{}}],"line":122},"10":{"loc":{"start":{"line":135,"column":4},"end":{"line":140,"column":5}},"type":"if","locations":[{"start":{"line":135,"column":4},"end":{"line":140,"column":5}},{"start":{},"end":{}}],"line":135},"11":{"loc":{"start":{"line":138,"column":8},"end":{"line":138,"column":42}},"type":"if","locations":[{"start":{"line":138,"column":8},"end":{"line":138,"column":42}},{"start":{},"end":{}}],"line":138},"12":{"loc":{"start":{"line":157,"column":4},"end":{"line":160,"column":5}},"type":"if","locations":[{"start":{"line":157,"column":4},"end":{"line":160,"column":5}},{"start":{},"end":{}}],"line":157},"13":{"loc":{"start":{"line":161,"column":4},"end":{"line":164,"column":5}},"type":"if","locations":[{"start":{"line":161,"column":4},"end":{"line":164,"column":5}},{"start":{},"end":{}}],"line":161},"14":{"loc":{"start":{"line":165,"column":4},"end":{"line":168,"column":5}},"type":"if","locations":[{"start":{"line":165,"column":4},"end":{"line":168,"column":5}},{"start":{},"end":{}}],"line":165},"15":{"loc":{"start":{"line":165,"column":8},"end":{"line":165,"column":42}},"type":"binary-expr","locations":[{"start":{"line":165,"column":8},"end":{"line":165,"column":18}},{"start":{"line":165,"column":22},"end":{"line":165,"column":29}},{"start":{"line":165,"column":33},"end":{"line":165,"column":42}}],"line":165},"16":{"loc":{"start":{"line":169,"column":11},"end":{"line":169,"column":46}},"type":"cond-expr","locations":[{"start":{"line":169,"column":19},"end":{"line":169,"column":39}},{"start":{"line":169,"column":42},"end":{"line":169,"column":46}}],"line":169},"17":{"loc":{"start":{"line":175,"column":4},"end":{"line":175,"column":22}},"type":"if","locations":[{"start":{"line":175,"column":4},"end":{"line":175,"column":22}},{"start":{},"end":{}}],"line":175},"18":{"loc":{"start":{"line":178,"column":43},"end":{"line":178,"column":71}},"type":"binary-expr","locations":[{"start":{"line":178,"column":43},"end":{"line":178,"column":55}},{"start":{"line":178,"column":59},"end":{"line":178,"column":71}}],"line":178},"19":{"loc":{"start":{"line":188,"column":25},"end":{"line":188,"column":49}},"type":"cond-expr","locations":[{"start":{"line":188,"column":32},"end":{"line":188,"column":41}},{"start":{"line":188,"column":44},"end":{"line":188,"column":49}}],"line":188},"20":{"loc":{"start":{"line":196,"column":4},"end":{"line":230,"column":5}},"type":"if","locations":[{"start":{"line":196,"column":4},"end":{"line":230,"column":5}},{"start":{"line":214,"column":11},"end":{"line":230,"column":5}}],"line":196},"21":{"loc":{"start":{"line":196,"column":8},"end":{"line":196,"column":24}},"type":"binary-expr","locations":[{"start":{"line":196,"column":8},"end":{"line":196,"column":12}},{"start":{"line":196,"column":16},"end":{"line":196,"column":24}}],"line":196},"22":{"loc":{"start":{"line":201,"column":8},"end":{"line":205,"column":9}},"type":"if","locations":[{"start":{"line":201,"column":8},"end":{"line":205,"column":9}},{"start":{"line":203,"column":15},"end":{"line":205,"column":9}}],"line":201},"23":{"loc":{"start":{"line":208,"column":6},"end":{"line":210,"column":7}},"type":"if","locations":[{"start":{"line":208,"column":6},"end":{"line":210,"column":7}},{"start":{},"end":{}}],"line":208},"24":{"loc":{"start":{"line":211,"column":6},"end":{"line":213,"column":7}},"type":"if","locations":[{"start":{"line":211,"column":6},"end":{"line":213,"column":7}},{"start":{},"end":{}}],"line":211},"25":{"loc":{"start":{"line":219,"column":31},"end":{"line":219,"column":60}},"type":"cond-expr","locations":[{"start":{"line":219,"column":38},"end":{"line":219,"column":48}},{"start":{"line":219,"column":51},"end":{"line":219,"column":60}}],"line":219},"26":{"loc":{"start":{"line":219,"column":202},"end":{"line":219,"column":231}},"type":"cond-expr","locations":[{"start":{"line":219,"column":209},"end":{"line":219,"column":219}},{"start":{"line":219,"column":222},"end":{"line":219,"column":231}}],"line":219},"27":{"loc":{"start":{"line":220,"column":14},"end":{"line":220,"column":62}},"type":"cond-expr","locations":[{"start":{"line":220,"column":21},"end":{"line":220,"column":30}},{"start":{"line":220,"column":33},"end":{"line":220,"column":62}}],"line":220},"28":{"loc":{"start":{"line":234,"column":6},"end":{"line":236,"column":7}},"type":"if","locations":[{"start":{"line":234,"column":6},"end":{"line":236,"column":7}},{"start":{},"end":{}}],"line":234},"29":{"loc":{"start":{"line":249,"column":2},"end":{"line":258,"column":3}},"type":"if","locations":[{"start":{"line":249,"column":2},"end":{"line":258,"column":3}},{"start":{},"end":{}}],"line":249},"30":{"loc":{"start":{"line":255,"column":6},"end":{"line":255,"column":62}},"type":"if","locations":[{"start":{"line":255,"column":6},"end":{"line":255,"column":62}},{"start":{},"end":{}}],"line":255},"31":{"loc":{"start":{"line":256,"column":6},"end":{"line":256,"column":74}},"type":"if","locations":[{"start":{"line":256,"column":6},"end":{"line":256,"column":74}},{"start":{},"end":{}}],"line":256},"32":{"loc":{"start":{"line":263,"column":2},"end":{"line":275,"column":3}},"type":"if","locations":[{"start":{"line":263,"column":2},"end":{"line":275,"column":3}},{"start":{"line":265,"column":9},"end":{"line":275,"column":3}}],"line":263},"33":{"loc":{"start":{"line":263,"column":6},"end":{"line":263,"column":51}},"type":"binary-expr","locations":[{"start":{"line":263,"column":6},"end":{"line":263,"column":12}},{"start":{"line":263,"column":16},"end":{"line":263,"column":51}}],"line":263},"34":{"loc":{"start":{"line":268,"column":8},"end":{"line":271,"column":9}},"type":"if","locations":[{"start":{"line":268,"column":8},"end":{"line":271,"column":9}},{"start":{},"end":{}}],"line":268}},"s":{"0":0,"1":0,"2":0,"3":0,"4":0,"5":0,"6":0,"7":0,"8":0,"9":0,"10":0,"11":0,"12":0,"13":0,"14":0,"15":0,"16":0,"17":0,"18":0,"19":0,"20":0,"21":0,"22":0,"23":0,"24":0,"25":0,"26":0,"27":0,"28":0,"29":0,"30":0,"31":0,"32":0,"33":0,"34":0,"35":0,"36":0,"37":0,"38":0,"39":0,"40":0,"41":0,"42":0,"43":0,"44":0,"45":0,"46":0,"47":0,"48":0,"49":0,"50":0,"51":0,"52":0,"53":0,"54":0,"55":0,"56":0,"57":0,"58":0,"59":0,"60":0,"61":0,"62":0,"63":0,"64":0,"65":0,"66":0,"67":0,"68":0,"69":0,"70":0,"71":0,"72":0,"73":0,"74":0,"75":0,"76":0,"77":0,"78":0,"79":0,"80":0,"81":0,"82":0,"83":0,"84":0,"85":0,"86":0,"87":0,"88":0,"89":0,"90":0,"91":0,"92":0,"93":0,"94":0,"95":0,"96":0,"97":0,"98":0,"99":0,"100":0,"101":0,"102":0,"103":0,"104":0,"105":0,"106":0,"107":0,"108":0,"109":0,"110":0,"111":0,"112":0,"113":0,"114":0,"115":0,"116":0,"117":0,"118":0,"119":0,"120":0,"121":0,"122":0,"123":0,"124":0,"125":0,"126":0,"127":0,"128":0,"129":0,"130":0,"131":0,"132":0,"133":0,"134":0,"135":0,"136":0,"137":0,"138":0,"139":0,"140":0,"141":0,"142":0,"143":0,"144":0,"145":0,"146":0,"147":0,"148":0,"149":0,"150":0,"151":0,"152":0,"153":0,"154":0,"155":0,"156":0,"157":0,"158":0,"159":0,"160":0},"f":{"0":0,"1":0,"2":0,"3":0,"4":0,"5":0,"6":0,"7":0,"8":0,"9":0,"10":0,"11":0,"12":0,"13":0,"14":0,"15":0,"16":0,"17":0,"18":0,"19":0,"20":0,"21":0,"22":0,"23":0,"24":0,"25":0,"26":0,"27":0,"28":0,"29":0,"30":0,"31":0,"32":0,"33":0,"34":0,"35":0,"36":0},"b":{"0":[0,0],"1":[0,0],"2":[0,0],"3":[0,0],"4":[0,0],"5":[0,0],"6":[0,0],"7":[0,0],"8":[0,0],"9":[0,0],"10":[0,0],"11":[0,0],"12":[0,0],"13":[0,0],"14":[0,0],"15":[0,0,0],"16":[0,0],"17":[0,0],"18":[0,0],"19":[0,0],"20":[0,0],"21":[0,0],"22":[0,0],"23":[0,0],"24":[0,0],"25":[0,0],"26":[0,0],"27":[0,0],"28":[0,0],"29":[0,0],"30":[0,0],"31":[0,0],"32":[0,0],"33":[0,0],"34":[0,0]}}
,"/Users/leduykhang/Downloads/manulife/MCONIC Redesign/js/script.js": {"path":"/Users/leduykhang/Downloads/manulife/MCONIC Redesign/js/script.js","statementMap":{"0":{"start":{"line":4,"column":0},"end":{"line":340,"column":3}},"1":{"start":{"line":7,"column":14},"end":{"line":7,"column":44}},"2":{"start":{"line":8,"column":19},"end":{"line":8,"column":78}},"3":{"start":{"line":8,"column":25},"end":{"line":8,"column":78}},"4":{"start":{"line":9,"column":2},"end":{"line":9,"column":65}},"5":{"start":{"line":10,"column":2},"end":{"line":10,"column":13}},"6":{"start":{"line":13,"column":17},"end":{"line":13,"column":50}},"7":{"start":{"line":14,"column":16},"end":{"line":14,"column":51}},"8":{"start":{"line":15,"column":18},"end":{"line":15,"column":55}},"9":{"start":{"line":16,"column":19},"end":{"line":16,"column":54}},"10":{"start":{"line":18,"column":19},"end":{"line":23,"column":3}},"11":{"start":{"line":19,"column":4},"end":{"line":19,"column":32}},"12":{"start":{"line":20,"column":4},"end":{"line":20,"column":36}},"13":{"start":{"line":21,"column":4},"end":{"line":21,"column":49}},"14":{"start":{"line":22,"column":4},"end":{"line":22,"column":44}},"15":{"start":{"line":25,"column":20},"end":{"line":33,"column":3}},"16":{"start":{"line":26,"column":4},"end":{"line":26,"column":35}},"17":{"start":{"line":27,"column":4},"end":{"line":27,"column":39}},"18":{"start":{"line":28,"column":4},"end":{"line":28,"column":50}},"19":{"start":{"line":30,"column":4},"end":{"line":32,"column":12}},"20":{"start":{"line":31,"column":6},"end":{"line":31,"column":40}},"21":{"start":{"line":35,"column":2},"end":{"line":35,"column":45}},"22":{"start":{"line":36,"column":2},"end":{"line":36,"column":48}},"23":{"start":{"line":37,"column":2},"end":{"line":37,"column":47}},"24":{"start":{"line":40,"column":2},"end":{"line":67,"column":5}},"25":{"start":{"line":41,"column":4},"end":{"line":66,"column":7}},"26":{"start":{"line":42,"column":19},"end":{"line":42,"column":44}},"27":{"start":{"line":43,"column":6},"end":{"line":46,"column":7}},"28":{"start":{"line":44,"column":8},"end":{"line":44,"column":20}},"29":{"start":{"line":45,"column":8},"end":{"line":45,"column":15}},"30":{"start":{"line":48,"column":6},"end":{"line":58,"column":7}},"31":{"start":{"line":49,"column":8},"end":{"line":49,"column":27}},"32":{"start":{"line":50,"column":8},"end":{"line":50,"column":20}},"33":{"start":{"line":51,"column":23},"end":{"line":51,"column":51}},"34":{"start":{"line":52,"column":8},"end":{"line":56,"column":9}},"35":{"start":{"line":53,"column":10},"end":{"line":55,"column":18}},"36":{"start":{"line":54,"column":12},"end":{"line":54,"column":74}},"37":{"start":{"line":57,"column":8},"end":{"line":57,"column":15}},"38":{"start":{"line":60,"column":6},"end":{"line":60,"column":25}},"39":{"start":{"line":61,"column":6},"end":{"line":61,"column":18}},"40":{"start":{"line":63,"column":6},"end":{"line":65,"column":14}},"41":{"start":{"line":64,"column":8},"end":{"line":64,"column":36}},"42":{"start":{"line":69,"column":2},"end":{"line":71,"column":5}},"43":{"start":{"line":70,"column":4},"end":{"line":70,"column":40}},"44":{"start":{"line":70,"column":28},"end":{"line":70,"column":40}},"45":{"start":{"line":74,"column":2},"end":{"line":84,"column":5}},"46":{"start":{"line":75,"column":4},"end":{"line":83,"column":7}},"47":{"start":{"line":76,"column":17},"end":{"line":76,"column":39}},"48":{"start":{"line":77,"column":6},"end":{"line":77,"column":46}},"49":{"start":{"line":77,"column":39},"end":{"line":77,"column":46}},"50":{"start":{"line":78,"column":17},"end":{"line":78,"column":43}},"51":{"start":{"line":79,"column":6},"end":{"line":82,"column":7}},"52":{"start":{"line":80,"column":8},"end":{"line":80,"column":27}},"53":{"start":{"line":81,"column":8},"end":{"line":81,"column":66}},"54":{"start":{"line":87,"column":13},"end":{"line":87,"column":49}},"55":{"start":{"line":88,"column":2},"end":{"line":101,"column":5}},"56":{"start":{"line":89,"column":4},"end":{"line":100,"column":7}},"57":{"start":{"line":90,"column":19},"end":{"line":90,"column":63}},"58":{"start":{"line":91,"column":6},"end":{"line":94,"column":9}},"59":{"start":{"line":92,"column":8},"end":{"line":92,"column":49}},"60":{"start":{"line":93,"column":8},"end":{"line":93,"column":52}},"61":{"start":{"line":95,"column":6},"end":{"line":99,"column":7}},"62":{"start":{"line":96,"column":8},"end":{"line":96,"column":50}},"63":{"start":{"line":97,"column":20},"end":{"line":97,"column":42}},"64":{"start":{"line":98,"column":8},"end":{"line":98,"column":54}},"65":{"start":{"line":104,"column":19},"end":{"line":104,"column":54}},"66":{"start":{"line":105,"column":23},"end":{"line":105,"column":62}},"67":{"start":{"line":106,"column":21},"end":{"line":106,"column":58}},"68":{"start":{"line":107,"column":24},"end":{"line":107,"column":64}},"69":{"start":{"line":108,"column":26},"end":{"line":108,"column":68}},"70":{"start":{"line":109,"column":30},"end":{"line":109,"column":32}},"71":{"start":{"line":111,"column":2},"end":{"line":116,"column":3}},"72":{"start":{"line":112,"column":22},"end":{"line":112,"column":60}},"73":{"start":{"line":113,"column":4},"end":{"line":115,"column":5}},"74":{"start":{"line":114,"column":6},"end":{"line":114,"column":50}},"75":{"start":{"line":118,"column":23},"end":{"line":127,"column":3}},"76":{"start":{"line":119,"column":4},"end":{"line":119,"column":26}},"77":{"start":{"line":119,"column":19},"end":{"line":119,"column":26}},"78":{"start":{"line":120,"column":29},"end":{"line":120,"column":66}},"79":{"start":{"line":121,"column":4},"end":{"line":123,"column":5}},"80":{"start":{"line":122,"column":6},"end":{"line":122,"column":37}},"81":{"start":{"line":124,"column":4},"end":{"line":124,"column":37}},"82":{"start":{"line":125,"column":4},"end":{"line":125,"column":50}},"83":{"start":{"line":126,"column":4},"end":{"line":126,"column":44}},"84":{"start":{"line":129,"column":24},"end":{"line":143,"column":3}},"85":{"start":{"line":130,"column":4},"end":{"line":130,"column":26}},"86":{"start":{"line":130,"column":19},"end":{"line":130,"column":26}},"87":{"start":{"line":131,"column":4},"end":{"line":131,"column":40}},"88":{"start":{"line":132,"column":4},"end":{"line":132,"column":49}},"89":{"start":{"line":133,"column":4},"end":{"line":133,"column":38}},"90":{"start":{"line":136,"column":22},"end":{"line":136,"column":60}},"91":{"start":{"line":137,"column":4},"end":{"line":142,"column":5}},"92":{"start":{"line":138,"column":6},"end":{"line":138,"column":50}},"93":{"start":{"line":140,"column":6},"end":{"line":140,"column":88}},"94":{"start":{"line":141,"column":6},"end":{"line":141,"column":20}},"95":{"start":{"line":145,"column":2},"end":{"line":145,"column":76}},"96":{"start":{"line":145,"column":21},"end":{"line":145,"column":76}},"97":{"start":{"line":146,"column":2},"end":{"line":146,"column":80}},"98":{"start":{"line":146,"column":23},"end":{"line":146,"column":80}},"99":{"start":{"line":148,"column":2},"end":{"line":153,"column":5}},"100":{"start":{"line":149,"column":4},"end":{"line":152,"column":7}},"101":{"start":{"line":150,"column":18},"end":{"line":150,"column":44}},"102":{"start":{"line":151,"column":6},"end":{"line":151,"column":24}},"103":{"start":{"line":156,"column":24},"end":{"line":156,"column":63}},"104":{"start":{"line":157,"column":4},"end":{"line":157,"column":29}},"105":{"start":{"line":157,"column":22},"end":{"line":157,"column":29}},"106":{"start":{"line":159,"column":4},"end":{"line":167,"column":7}},"107":{"start":{"line":160,"column":17},"end":{"line":160,"column":44}},"108":{"start":{"line":161,"column":6},"end":{"line":166,"column":7}},"109":{"start":{"line":162,"column":8},"end":{"line":165,"column":11}},"110":{"start":{"line":163,"column":24},"end":{"line":163,"column":59}},"111":{"start":{"line":164,"column":10},"end":{"line":164,"column":44}},"112":{"start":{"line":164,"column":21},"end":{"line":164,"column":44}},"113":{"start":{"line":169,"column":4},"end":{"line":228,"column":7}},"114":{"start":{"line":170,"column":6},"end":{"line":170,"column":25}},"115":{"start":{"line":172,"column":19},"end":{"line":172,"column":64}},"116":{"start":{"line":173,"column":20},"end":{"line":173,"column":66}},"117":{"start":{"line":174,"column":20},"end":{"line":174,"column":63}},"118":{"start":{"line":176,"column":6},"end":{"line":176,"column":59}},"119":{"start":{"line":177,"column":6},"end":{"line":177,"column":60}},"120":{"start":{"line":179,"column":15},"end":{"line":179,"column":19}},"121":{"start":{"line":180,"column":6},"end":{"line":180,"column":110}},"122":{"start":{"line":180,"column":19},"end":{"line":180,"column":96}},"123":{"start":{"line":180,"column":97},"end":{"line":180,"column":108}},"124":{"start":{"line":181,"column":6},"end":{"line":181,"column":142}},"125":{"start":{"line":181,"column":55},"end":{"line":181,"column":128}},"126":{"start":{"line":181,"column":129},"end":{"line":181,"column":140}},"127":{"start":{"line":183,"column":6},"end":{"line":183,"column":22}},"128":{"start":{"line":183,"column":15},"end":{"line":183,"column":22}},"129":{"start":{"line":185,"column":18},"end":{"line":185,"column":68}},"130":{"start":{"line":186,"column":6},"end":{"line":186,"column":38}},"131":{"start":{"line":187,"column":6},"end":{"line":187,"column":26}},"132":{"start":{"line":189,"column":6},"end":{"line":227,"column":7}},"133":{"start":{"line":190,"column":25},"end":{"line":194,"column":10}},"134":{"start":{"line":195,"column":23},"end":{"line":195,"column":44}},"135":{"start":{"line":197,"column":8},"end":{"line":220,"column":9}},"136":{"start":{"line":199,"column":28},"end":{"line":199,"column":66}},"137":{"start":{"line":200,"column":10},"end":{"line":215,"column":12}},"138":{"start":{"line":216,"column":10},"end":{"line":216,"column":93}},"139":{"start":{"line":217,"column":10},"end":{"line":217,"column":100}},"140":{"start":{"line":219,"column":10},"end":{"line":219,"column":81}},"141":{"start":{"line":222,"column":8},"end":{"line":222,"column":27}},"142":{"start":{"line":223,"column":8},"end":{"line":223,"column":74}},"143":{"start":{"line":225,"column":8},"end":{"line":225,"column":43}},"144":{"start":{"line":226,"column":8},"end":{"line":226,"column":29}},"145":{"start":{"line":232,"column":2},"end":{"line":232,"column":16}},"146":{"start":{"line":236,"column":15},"end":{"line":236,"column":53}},"147":{"start":{"line":237,"column":25},"end":{"line":237,"column":27}},"148":{"start":{"line":238,"column":2},"end":{"line":240,"column":3}},"149":{"start":{"line":239,"column":4},"end":{"line":239,"column":38}},"150":{"start":{"line":243,"column":24},"end":{"line":243,"column":62}},"151":{"start":{"line":244,"column":4},"end":{"line":244,"column":29}},"152":{"start":{"line":244,"column":22},"end":{"line":244,"column":29}},"153":{"start":{"line":246,"column":18},"end":{"line":246,"column":103}},"154":{"start":{"line":246,"column":24},"end":{"line":246,"column":103}},"155":{"start":{"line":246,"column":83},"end":{"line":246,"column":102}},"156":{"start":{"line":248,"column":4},"end":{"line":256,"column":7}},"157":{"start":{"line":249,"column":17},"end":{"line":249,"column":44}},"158":{"start":{"line":250,"column":6},"end":{"line":255,"column":7}},"159":{"start":{"line":251,"column":8},"end":{"line":254,"column":11}},"160":{"start":{"line":252,"column":24},"end":{"line":252,"column":59}},"161":{"start":{"line":253,"column":10},"end":{"line":253,"column":44}},"162":{"start":{"line":253,"column":21},"end":{"line":253,"column":44}},"163":{"start":{"line":258,"column":4},"end":{"line":320,"column":7}},"164":{"start":{"line":259,"column":6},"end":{"line":259,"column":25}},"165":{"start":{"line":260,"column":6},"end":{"line":260,"column":14}},"166":{"start":{"line":262,"column":19},"end":{"line":262,"column":64}},"167":{"start":{"line":263,"column":23},"end":{"line":263,"column":69}},"168":{"start":{"line":264,"column":20},"end":{"line":264,"column":66}},"169":{"start":{"line":267,"column":20},"end":{"line":267,"column":51}},"170":{"start":{"line":269,"column":15},"end":{"line":269,"column":19}},"171":{"start":{"line":270,"column":6},"end":{"line":270,"column":110}},"172":{"start":{"line":270,"column":19},"end":{"line":270,"column":96}},"173":{"start":{"line":270,"column":97},"end":{"line":270,"column":108}},"174":{"start":{"line":271,"column":6},"end":{"line":271,"column":154}},"175":{"start":{"line":271,"column":40},"end":{"line":271,"column":140}},"176":{"start":{"line":271,"column":141},"end":{"line":271,"column":152}},"177":{"start":{"line":272,"column":6},"end":{"line":272,"column":142}},"178":{"start":{"line":272,"column":55},"end":{"line":272,"column":128}},"179":{"start":{"line":272,"column":129},"end":{"line":272,"column":140}},"180":{"start":{"line":274,"column":6},"end":{"line":274,"column":22}},"181":{"start":{"line":274,"column":15},"end":{"line":274,"column":22}},"182":{"start":{"line":276,"column":18},"end":{"line":276,"column":68}},"183":{"start":{"line":277,"column":6},"end":{"line":277,"column":38}},"184":{"start":{"line":278,"column":6},"end":{"line":278,"column":26}},"185":{"start":{"line":280,"column":6},"end":{"line":319,"column":7}},"186":{"start":{"line":281,"column":25},"end":{"line":285,"column":10}},"187":{"start":{"line":286,"column":23},"end":{"line":286,"column":44}},"188":{"start":{"line":288,"column":8},"end":{"line":312,"column":9}},"189":{"start":{"line":290,"column":10},"end":{"line":304,"column":12}},"190":{"start":{"line":306,"column":10},"end":{"line":309,"column":13}},"191":{"start":{"line":307,"column":12},"end":{"line":307,"column":53}},"192":{"start":{"line":308,"column":12},"end":{"line":308,"column":30}},"193":{"start":{"line":311,"column":10},"end":{"line":311,"column":79}},"194":{"start":{"line":314,"column":8},"end":{"line":314,"column":27}},"195":{"start":{"line":315,"column":8},"end":{"line":315,"column":52}},"196":{"start":{"line":317,"column":8},"end":{"line":317,"column":43}},"197":{"start":{"line":318,"column":8},"end":{"line":318,"column":29}},"198":{"start":{"line":324,"column":2},"end":{"line":324,"column":20}},"199":{"start":{"line":327,"column":17},"end":{"line":327,"column":78}},"200":{"start":{"line":328,"column":18},"end":{"line":328,"column":54}},"201":{"start":{"line":329,"column":2},"end":{"line":338,"column":3}},"202":{"start":{"line":330,"column":4},"end":{"line":330,"column":50}},"203":{"start":{"line":330,"column":26},"end":{"line":330,"column":48}},"204":{"start":{"line":332,"column":15},"end":{"line":336,"column":58}},"205":{"start":{"line":333,"column":6},"end":{"line":335,"column":9}},"206":{"start":{"line":334,"column":8},"end":{"line":334,"column":91}},"207":{"start":{"line":334,"column":33},"end":{"line":334,"column":63}},"208":{"start":{"line":334,"column":64},"end":{"line":334,"column":89}},"209":{"start":{"line":337,"column":4},"end":{"line":337,"column":42}},"210":{"start":{"line":337,"column":26},"end":{"line":337,"column":40}}},"fnMap":{"0":{"name":"(anonymous_0)","decl":{"start":{"line":4,"column":46},"end":{"line":4,"column":47}},"loc":{"start":{"line":4,"column":52},"end":{"line":340,"column":1}},"line":4},"1":{"name":"(anonymous_1)","decl":{"start":{"line":8,"column":19},"end":{"line":8,"column":20}},"loc":{"start":{"line":8,"column":25},"end":{"line":8,"column":78}},"line":8},"2":{"name":"(anonymous_2)","decl":{"start":{"line":18,"column":19},"end":{"line":18,"column":20}},"loc":{"start":{"line":18,"column":25},"end":{"line":23,"column":3}},"line":18},"3":{"name":"(anonymous_3)","decl":{"start":{"line":25,"column":20},"end":{"line":25,"column":21}},"loc":{"start":{"line":25,"column":26},"end":{"line":33,"column":3}},"line":25},"4":{"name":"(anonymous_4)","decl":{"start":{"line":30,"column":15},"end":{"line":30,"column":16}},"loc":{"start":{"line":30,"column":21},"end":{"line":32,"column":5}},"line":30},"5":{"name":"(anonymous_5)","decl":{"start":{"line":40,"column":38},"end":{"line":40,"column":39}},"loc":{"start":{"line":40,"column":46},"end":{"line":67,"column":3}},"line":40},"6":{"name":"(anonymous_6)","decl":{"start":{"line":41,"column":35},"end":{"line":41,"column":36}},"loc":{"start":{"line":41,"column":42},"end":{"line":66,"column":5}},"line":41},"7":{"name":"(anonymous_7)","decl":{"start":{"line":53,"column":21},"end":{"line":53,"column":22}},"loc":{"start":{"line":53,"column":27},"end":{"line":55,"column":11}},"line":53},"8":{"name":"(anonymous_8)","decl":{"start":{"line":63,"column":17},"end":{"line":63,"column":18}},"loc":{"start":{"line":63,"column":23},"end":{"line":65,"column":7}},"line":63},"9":{"name":"(anonymous_9)","decl":{"start":{"line":69,"column":39},"end":{"line":69,"column":40}},"loc":{"start":{"line":69,"column":44},"end":{"line":71,"column":3}},"line":69},"10":{"name":"(anonymous_10)","decl":{"start":{"line":74,"column":71},"end":{"line":74,"column":72}},"loc":{"start":{"line":74,"column":76},"end":{"line":84,"column":3}},"line":74},"11":{"name":"(anonymous_11)","decl":{"start":{"line":75,"column":32},"end":{"line":75,"column":33}},"loc":{"start":{"line":75,"column":37},"end":{"line":83,"column":5}},"line":75},"12":{"name":"(anonymous_12)","decl":{"start":{"line":88,"column":13},"end":{"line":88,"column":14}},"loc":{"start":{"line":88,"column":20},"end":{"line":101,"column":3}},"line":88},"13":{"name":"(anonymous_13)","decl":{"start":{"line":89,"column":34},"end":{"line":89,"column":35}},"loc":{"start":{"line":89,"column":40},"end":{"line":100,"column":5}},"line":89},"14":{"name":"(anonymous_14)","decl":{"start":{"line":91,"column":17},"end":{"line":91,"column":18}},"loc":{"start":{"line":91,"column":22},"end":{"line":94,"column":7}},"line":91},"15":{"name":"(anonymous_15)","decl":{"start":{"line":118,"column":23},"end":{"line":118,"column":24}},"loc":{"start":{"line":118,"column":34},"end":{"line":127,"column":3}},"line":118},"16":{"name":"(anonymous_16)","decl":{"start":{"line":129,"column":24},"end":{"line":129,"column":25}},"loc":{"start":{"line":129,"column":30},"end":{"line":143,"column":3}},"line":129},"17":{"name":"(anonymous_17)","decl":{"start":{"line":148,"column":50},"end":{"line":148,"column":51}},"loc":{"start":{"line":148,"column":55},"end":{"line":153,"column":3}},"line":148},"18":{"name":"(anonymous_18)","decl":{"start":{"line":149,"column":32},"end":{"line":149,"column":33}},"loc":{"start":{"line":149,"column":38},"end":{"line":152,"column":5}},"line":149},"19":{"name":"bindDocForm","decl":{"start":{"line":155,"column":11},"end":{"line":155,"column":22}},"loc":{"start":{"line":155,"column":25},"end":{"line":229,"column":3}},"line":155},"20":{"name":"(anonymous_20)","decl":{"start":{"line":159,"column":32},"end":{"line":159,"column":33}},"loc":{"start":{"line":159,"column":38},"end":{"line":167,"column":5}},"line":159},"21":{"name":"(anonymous_21)","decl":{"start":{"line":162,"column":37},"end":{"line":162,"column":38}},"loc":{"start":{"line":162,"column":43},"end":{"line":165,"column":9}},"line":162},"22":{"name":"(anonymous_22)","decl":{"start":{"line":169,"column":43},"end":{"line":169,"column":44}},"loc":{"start":{"line":169,"column":56},"end":{"line":228,"column":5}},"line":169},"23":{"name":"bindContactForm","decl":{"start":{"line":242,"column":11},"end":{"line":242,"column":26}},"loc":{"start":{"line":242,"column":29},"end":{"line":321,"column":3}},"line":242},"24":{"name":"(anonymous_24)","decl":{"start":{"line":246,"column":18},"end":{"line":246,"column":19}},"loc":{"start":{"line":246,"column":24},"end":{"line":246,"column":103}},"line":246},"25":{"name":"(anonymous_25)","decl":{"start":{"line":246,"column":77},"end":{"line":246,"column":78}},"loc":{"start":{"line":246,"column":83},"end":{"line":246,"column":102}},"line":246},"26":{"name":"(anonymous_26)","decl":{"start":{"line":248,"column":42},"end":{"line":248,"column":43}},"loc":{"start":{"line":248,"column":48},"end":{"line":256,"column":5}},"line":248},"27":{"name":"(anonymous_27)","decl":{"start":{"line":251,"column":37},"end":{"line":251,"column":38}},"loc":{"start":{"line":251,"column":43},"end":{"line":254,"column":9}},"line":251},"28":{"name":"(anonymous_28)","decl":{"start":{"line":258,"column":43},"end":{"line":258,"column":44}},"loc":{"start":{"line":258,"column":56},"end":{"line":320,"column":5}},"line":258},"29":{"name":"(anonymous_29)","decl":{"start":{"line":306,"column":86},"end":{"line":306,"column":87}},"loc":{"start":{"line":306,"column":92},"end":{"line":309,"column":11}},"line":306},"30":{"name":"(anonymous_30)","decl":{"start":{"line":330,"column":20},"end":{"line":330,"column":21}},"loc":{"start":{"line":330,"column":26},"end":{"line":330,"column":48}},"line":330},"31":{"name":"(anonymous_31)","decl":{"start":{"line":332,"column":40},"end":{"line":332,"column":41}},"loc":{"start":{"line":332,"column":58},"end":{"line":336,"column":5}},"line":332},"32":{"name":"(anonymous_32)","decl":{"start":{"line":333,"column":22},"end":{"line":333,"column":23}},"loc":{"start":{"line":333,"column":28},"end":{"line":335,"column":7}},"line":333},"33":{"name":"(anonymous_33)","decl":{"start":{"line":337,"column":20},"end":{"line":337,"column":21}},"loc":{"start":{"line":337,"column":26},"end":{"line":337,"column":40}},"line":337}},"branchMap":{"0":{"loc":{"start":{"line":43,"column":6},"end":{"line":46,"column":7}},"type":"if","locations":[{"start":{"line":43,"column":6},"end":{"line":46,"column":7}},{"start":{},"end":{}}],"line":43},"1":{"loc":{"start":{"line":43,"column":10},"end":{"line":43,"column":31}},"type":"binary-expr","locations":[{"start":{"line":43,"column":10},"end":{"line":43,"column":15}},{"start":{"line":43,"column":19},"end":{"line":43,"column":31}}],"line":43},"2":{"loc":{"start":{"line":48,"column":6},"end":{"line":58,"column":7}},"type":"if","locations":[{"start":{"line":48,"column":6},"end":{"line":58,"column":7}},{"start":{},"end":{}}],"line":48},"3":{"loc":{"start":{"line":52,"column":8},"end":{"line":56,"column":9}},"type":"if","locations":[{"start":{"line":52,"column":8},"end":{"line":56,"column":9}},{"start":{},"end":{}}],"line":52},"4":{"loc":{"start":{"line":70,"column":4},"end":{"line":70,"column":40}},"type":"if","locations":[{"start":{"line":70,"column":4},"end":{"line":70,"column":40}},{"start":{},"end":{}}],"line":70},"5":{"loc":{"start":{"line":77,"column":6},"end":{"line":77,"column":46}},"type":"if","locations":[{"start":{"line":77,"column":6},"end":{"line":77,"column":46}},{"start":{},"end":{}}],"line":77},"6":{"loc":{"start":{"line":77,"column":10},"end":{"line":77,"column":37}},"type":"binary-expr","locations":[{"start":{"line":77,"column":10},"end":{"line":77,"column":20}},{"start":{"line":77,"column":24},"end":{"line":77,"column":37}}],"line":77},"7":{"loc":{"start":{"line":79,"column":6},"end":{"line":82,"column":7}},"type":"if","locations":[{"start":{"line":79,"column":6},"end":{"line":82,"column":7}},{"start":{},"end":{}}],"line":79},"8":{"loc":{"start":{"line":95,"column":6},"end":{"line":99,"column":7}},"type":"if","locations":[{"start":{"line":95,"column":6},"end":{"line":99,"column":7}},{"start":{},"end":{}}],"line":95},"9":{"loc":{"start":{"line":111,"column":2},"end":{"line":116,"column":3}},"type":"if","locations":[{"start":{"line":111,"column":2},"end":{"line":116,"column":3}},{"start":{},"end":{}}],"line":111},"10":{"loc":{"start":{"line":113,"column":4},"end":{"line":115,"column":5}},"type":"if","locations":[{"start":{"line":113,"column":4},"end":{"line":115,"column":5}},{"start":{},"end":{}}],"line":113},"11":{"loc":{"start":{"line":119,"column":4},"end":{"line":119,"column":26}},"type":"if","locations":[{"start":{"line":119,"column":4},"end":{"line":119,"column":26}},{"start":{},"end":{}}],"line":119},"12":{"loc":{"start":{"line":121,"column":4},"end":{"line":123,"column":5}},"type":"if","locations":[{"start":{"line":121,"column":4},"end":{"line":123,"column":5}},{"start":{},"end":{}}],"line":121},"13":{"loc":{"start":{"line":130,"column":4},"end":{"line":130,"column":26}},"type":"if","locations":[{"start":{"line":130,"column":4},"end":{"line":130,"column":26}},{"start":{},"end":{}}],"line":130},"14":{"loc":{"start":{"line":137,"column":4},"end":{"line":142,"column":5}},"type":"if","locations":[{"start":{"line":137,"column":4},"end":{"line":142,"column":5}},{"start":{},"end":{}}],"line":137},"15":{"loc":{"start":{"line":137,"column":8},"end":{"line":137,"column":42}},"type":"binary-expr","locations":[{"start":{"line":137,"column":8},"end":{"line":137,"column":17}},{"start":{"line":137,"column":21},"end":{"line":137,"column":42}}],"line":137},"16":{"loc":{"start":{"line":145,"column":2},"end":{"line":145,"column":76}},"type":"if","locations":[{"start":{"line":145,"column":2},"end":{"line":145,"column":76}},{"start":{},"end":{}}],"line":145},"17":{"loc":{"start":{"line":146,"column":2},"end":{"line":146,"column":80}},"type":"if","locations":[{"start":{"line":146,"column":2},"end":{"line":146,"column":80}},{"start":{},"end":{}}],"line":146},"18":{"loc":{"start":{"line":157,"column":4},"end":{"line":157,"column":29}},"type":"if","locations":[{"start":{"line":157,"column":4},"end":{"line":157,"column":29}},{"start":{},"end":{}}],"line":157},"19":{"loc":{"start":{"line":161,"column":6},"end":{"line":166,"column":7}},"type":"if","locations":[{"start":{"line":161,"column":6},"end":{"line":166,"column":7}},{"start":{},"end":{}}],"line":161},"20":{"loc":{"start":{"line":164,"column":10},"end":{"line":164,"column":44}},"type":"if","locations":[{"start":{"line":164,"column":10},"end":{"line":164,"column":44}},{"start":{},"end":{}}],"line":164},"21":{"loc":{"start":{"line":180,"column":6},"end":{"line":180,"column":110}},"type":"if","locations":[{"start":{"line":180,"column":6},"end":{"line":180,"column":110}},{"start":{},"end":{}}],"line":180},"22":{"loc":{"start":{"line":181,"column":6},"end":{"line":181,"column":142}},"type":"if","locations":[{"start":{"line":181,"column":6},"end":{"line":181,"column":142}},{"start":{},"end":{}}],"line":181},"23":{"loc":{"start":{"line":183,"column":6},"end":{"line":183,"column":22}},"type":"if","locations":[{"start":{"line":183,"column":6},"end":{"line":183,"column":22}},{"start":{},"end":{}}],"line":183},"24":{"loc":{"start":{"line":197,"column":8},"end":{"line":220,"column":9}},"type":"if","locations":[{"start":{"line":197,"column":8},"end":{"line":220,"column":9}},{"start":{"line":218,"column":15},"end":{"line":220,"column":9}}],"line":197},"25":{"loc":{"start":{"line":197,"column":12},"end":{"line":197,"column":41}},"type":"binary-expr","locations":[{"start":{"line":197,"column":12},"end":{"line":197,"column":23}},{"start":{"line":197,"column":27},"end":{"line":197,"column":41}}],"line":197},"26":{"loc":{"start":{"line":219,"column":27},"end":{"line":219,"column":78}},"type":"binary-expr","locations":[{"start":{"line":219,"column":27},"end":{"line":219,"column":41}},{"start":{"line":219,"column":45},"end":{"line":219,"column":78}}],"line":219},"27":{"loc":{"start":{"line":238,"column":2},"end":{"line":240,"column":3}},"type":"if","locations":[{"start":{"line":238,"column":2},"end":{"line":240,"column":3}},{"start":{},"end":{}}],"line":238},"28":{"loc":{"start":{"line":244,"column":4},"end":{"line":244,"column":29}},"type":"if","locations":[{"start":{"line":244,"column":4},"end":{"line":244,"column":29}},{"start":{},"end":{}}],"line":244},"29":{"loc":{"start":{"line":250,"column":6},"end":{"line":255,"column":7}},"type":"if","locations":[{"start":{"line":250,"column":6},"end":{"line":255,"column":7}},{"start":{},"end":{}}],"line":250},"30":{"loc":{"start":{"line":253,"column":10},"end":{"line":253,"column":44}},"type":"if","locations":[{"start":{"line":253,"column":10},"end":{"line":253,"column":44}},{"start":{},"end":{}}],"line":253},"31":{"loc":{"start":{"line":270,"column":6},"end":{"line":270,"column":110}},"type":"if","locations":[{"start":{"line":270,"column":6},"end":{"line":270,"column":110}},{"start":{},"end":{}}],"line":270},"32":{"loc":{"start":{"line":271,"column":6},"end":{"line":271,"column":154}},"type":"if","locations":[{"start":{"line":271,"column":6},"end":{"line":271,"column":154}},{"start":{},"end":{}}],"line":271},"33":{"loc":{"start":{"line":272,"column":6},"end":{"line":272,"column":142}},"type":"if","locations":[{"start":{"line":272,"column":6},"end":{"line":272,"column":142}},{"start":{},"end":{}}],"line":272},"34":{"loc":{"start":{"line":274,"column":6},"end":{"line":274,"column":22}},"type":"if","locations":[{"start":{"line":274,"column":6},"end":{"line":274,"column":22}},{"start":{},"end":{}}],"line":274},"35":{"loc":{"start":{"line":288,"column":8},"end":{"line":312,"column":9}},"type":"if","locations":[{"start":{"line":288,"column":8},"end":{"line":312,"column":9}},{"start":{"line":310,"column":15},"end":{"line":312,"column":9}}],"line":288},"36":{"loc":{"start":{"line":288,"column":12},"end":{"line":288,"column":41}},"type":"binary-expr","locations":[{"start":{"line":288,"column":12},"end":{"line":288,"column":23}},{"start":{"line":288,"column":27},"end":{"line":288,"column":41}}],"line":288},"37":{"loc":{"start":{"line":311,"column":27},"end":{"line":311,"column":76}},"type":"binary-expr","locations":[{"start":{"line":311,"column":27},"end":{"line":311,"column":41}},{"start":{"line":311,"column":45},"end":{"line":311,"column":76}}],"line":311},"38":{"loc":{"start":{"line":329,"column":2},"end":{"line":338,"column":3}},"type":"if","locations":[{"start":{"line":329,"column":2},"end":{"line":338,"column":3}},{"start":{"line":331,"column":9},"end":{"line":338,"column":3}}],"line":329},"39":{"loc":{"start":{"line":329,"column":6},"end":{"line":329,"column":51}},"type":"binary-expr","locations":[{"start":{"line":329,"column":6},"end":{"line":329,"column":12}},{"start":{"line":329,"column":16},"end":{"line":329,"column":51}}],"line":329},"40":{"loc":{"start":{"line":334,"column":8},"end":{"line":334,"column":91}},"type":"if","locations":[{"start":{"line":334,"column":8},"end":{"line":334,"column":91}},{"start":{},"end":{}}],"line":334}},"s":{"0":0,"1":0,"2":0,"3":0,"4":0,"5":0,"6":0,"7":0,"8":0,"9":0,"10":0,"11":0,"12":0,"13":0,"14":0,"15":0,"16":0,"17":0,"18":0,"19":0,"20":0,"21":0,"22":0,"23":0,"24":0,"25":0,"26":0,"27":0,"28":0,"29":0,"30":0,"31":0,"32":0,"33":0,"34":0,"35":0,"36":0,"37":0,"38":0,"39":0,"40":0,"41":0,"42":0,"43":0,"44":0,"45":0,"46":0,"47":0,"48":0,"49":0,"50":0,"51":0,"52":0,"53":0,"54":0,"55":0,"56":0,"57":0,"58":0,"59":0,"60":0,"61":0,"62":0,"63":0,"64":0,"65":0,"66":0,"67":0,"68":0,"69":0,"70":0,"71":0,"72":0,"73":0,"74":0,"75":0,"76":0,"77":0,"78":0,"79":0,"80":0,"81":0,"82":0,"83":0,"84":0,"85":0,"86":0,"87":0,"88":0,"89":0,"90":0,"91":0,"92":0,"93":0,"94":0,"95":0,"96":0,"97":0,"98":0,"99":0,"100":0,"101":0,"102":0,"103":0,"104":0,"105":0,"106":0,"107":0,"108":0,"109":0,"110":0,"111":0,"112":0,"113":0,"114":0,"115":0,"116":0,"117":0,"118":0,"119":0,"120":0,"121":0,"122":0,"123":0,"124":0,"125":0,"126":0,"127":0,"128":0,"129":0,"130":0,"131":0,"132":0,"133":0,"134":0,"135":0,"136":0,"137":0,"138":0,"139":0,"140":0,"141":0,"142":0,"143":0,"144":0,"145":0,"146":0,"147":0,"148":0,"149":0,"150":0,"151":0,"152":0,"153":0,"154":0,"155":0,"156":0,"157":0,"158":0,"159":0,"160":0,"161":0,"162":0,"163":0,"164":0,"165":0,"166":0,"167":0,"168":0,"169":0,"170":0,"171":0,"172":0,"173":0,"174":0,"175":0,"176":0,"177":0,"178":0,"179":0,"180":0,"181":0,"182":0,"183":0,"184":0,"185":0,"186":0,"187":0,"188":0,"189":0,"190":0,"191":0,"192":0,"193":0,"194":0,"195":0,"196":0,"197":0,"198":0,"199":0,"200":0,"201":0,"202":0,"203":0,"204":0,"205":0,"206":0,"207":0,"208":0,"209":0,"210":0},"f":{"0":0,"1":0,"2":0,"3":0,"4":0,"5":0,"6":0,"7":0,"8":0,"9":0,"10":0,"11":0,"12":0,"13":0,"14":0,"15":0,"16":0,"17":0,"18":0,"19":0,"20":0,"21":0,"22":0,"23":0,"24":0,"25":0,"26":0,"27":0,"28":0,"29":0,"30":0,"31":0,"32":0,"33":0},"b":{"0":[0,0],"1":[0,0],"2":[0,0],"3":[0,0],"4":[0,0],"5":[0,0],"6":[0,0],"7":[0,0],"8":[0,0],"9":[0,0],"10":[0,0],"11":[0,0],"12":[0,0],"13":[0,0],"14":[0,0],"15":[0,0],"16":[0,0],"17":[0,0],"18":[0,0],"19":[0,0],"20":[0,0],"21":[0,0],"22":[0,0],"23":[0,0],"24":[0,0],"25":[0,0],"26":[0,0],"27":[0,0],"28":[0,0],"29":[0,0],"30":[0,0],"31":[0,0],"32":[0,0],"33":[0,0],"34":[0,0],"35":[0,0],"36":[0,0],"37":[0,0],"38":[0,0],"39":[0,0],"40":[0,0]}}
}
